Arguments: 
  /home/chautelly/.nvm/versions/node/v14.7.0/bin/node /home/chautelly/.nvm/versions/node/v14.7.0/bin/yarn

PATH: 
  /home/chautelly/.local/bin:/home/chautelly/.local/bin:/home/chautelly/.nvm/versions/node/v14.7.0/bin:/home/chautelly/.local/bin:/usr/local/sbin:/usr/local/bin:/usr/sbin:/usr/bin:/sbin:/bin:/usr/games:/usr/local/games:/snap/bin

Yarn version: 
  1.22.5

Node version: 
  14.7.0

Platform: 
  linux x64

Trace: 
  SyntaxError: /home/chautelly/code/typescript/xstate-marionettist/packages/cypress/package.json: Unexpected token } in JSON at position 678
      at JSON.parse (<anonymous>)
      at /home/chautelly/.nvm/versions/node/v14.7.0/lib/node_modules/yarn/lib/cli.js:1625:59
      at Generator.next (<anonymous>)
      at step (/home/chautelly/.nvm/versions/node/v14.7.0/lib/node_modules/yarn/lib/cli.js:310:30)
      at /home/chautelly/.nvm/versions/node/v14.7.0/lib/node_modules/yarn/lib/cli.js:321:13

npm manifest: 
  {
    "name": "xstate-marionettist-monorepo",
    "version": "1.0.0",
    "private": true,
    "workspaces": {
      "packages": [
        "packages/core",
        "packages/cypress"
      ]
    },
    "author": "John de Stigter <johndestigter@gmail.com>",
    "license": "MIT",
    "repository": {
      "type": "git",
      "url": "git+https://github.com/rjdestigter/xstate-marionettist.git"
    },
    "bugs": {
      "url": "https://github.com/rjdestigter/xstate-marionettist/issues"
    },
    "dependencies": {
      "@manypkg/cli": "^0.13.0",
      "typescript": "^4.1.0-dev.20201014"
    },
    "scripts": {
      "preinstall": "node ./scripts/ensure-yarn.js",
      "postinstall": "manypkg check",
      "clean:packages": "yarn workspaces run clean",
      "build": "tsc -b ./tsconfig.monorepo.json",
      "::build": "tsc",
      "::build:example": "cd examples/xstate-marionettist-example && npm run build",
      "::puppeteer": "cd examples/xstate-marionettist-example && npm run e2e:puppeteer",
      "::playwright": "cd examples/xstate-marionettist-example && npm run e2e:playwright",
      "::test": "concurrently \"npm run build\" \"npm run build:example\" && concurrently \"npm run puppeteer\" \"npm run playwright\"",
      "::prepare": "cd examples/xstate-marionettist-example && npm install",
      "::prepublishOnly": "CI=true NODE_ENV=production npm test"
    },
    "husky": {
      "hooks": {
        "pre-commit": "lint-staged"
      }
    },
    "lint-staged": {
      "*.{js,css,md}": "prettier --write"
    }
  }

yarn manifest: 
  No manifest

Lockfile: 
  # THIS IS AN AUTOGENERATED FILE. DO NOT EDIT THIS FILE DIRECTLY.
  # yarn lockfile v1
  
  
  "@babel/runtime@^7.5.5":
    version "7.12.0"
    resolved "https://registry.yarnpkg.com/@babel/runtime/-/runtime-7.12.0.tgz#98bd7666186969c04be893d747cf4a6c6c8fa6b0"
    integrity sha512-lS4QLXQ2Vbw2ubfQjeQcn+BZgZ5+ROHW9f+DWjEp5Y+NHYmkRGKqHSJ1tuhbUauKu2nhZNTBIvsIQ8dXfY5Gjw==
    dependencies:
      regenerator-runtime "^0.13.4"
  
  "@changesets/types@^0.4.0":
    version "0.4.0"
    resolved "https://registry.yarnpkg.com/@changesets/types/-/types-0.4.0.tgz#3413badb2c3904357a36268cb9f8c7e0afc3a804"
    integrity sha512-TclHHKDVYQ8rJGZgVeWiF7c91yWzTTWdPagltgutelGu/Psup5PQlUq6svx7S8suj+jXcaE34yEEsfIvzXXB2Q==
  
  "@manypkg/cli@^0.13.0":
    version "0.13.0"
    resolved "https://registry.yarnpkg.com/@manypkg/cli/-/cli-0.13.0.tgz#89af036933de367b5f8c6027032c86e265d761d7"
    integrity sha512-H38xh5mJ0Cwev6Dke+vcyKEj152u7jl5aNaqx/QDVnjLpbSTUExENxIQ9smKeLDX/ZskEzbvLETMwNXAbAdq7Q==
    dependencies:
      "@babel/runtime" "^7.5.5"
      "@manypkg/get-packages" "^1.0.0"
      chalk "^2.4.2"
      detect-indent "^6.0.0"
      find-up "^4.1.0"
      fs-extra "^8.1.0"
      get-workspaces "^0.6.0"
      meow "^5.0.0"
      normalize-path "^3.0.0"
      p-limit "^2.2.1"
      parse-github-url "^1.0.2"
      sembear "^0.5.0"
      semver "^6.3.0"
      spawndamnit "^2.0.0"
      validate-npm-package-name "^3.0.0"
  
  "@manypkg/find-root@^1.1.0":
    version "1.1.0"
    resolved "https://registry.yarnpkg.com/@manypkg/find-root/-/find-root-1.1.0.tgz#a62d8ed1cd7e7d4c11d9d52a8397460b5d4ad29f"
    integrity sha512-mki5uBvhHzO8kYYix/WRy2WX8S3B5wdVSc9D6KcU5lQNglP2yt58/VfLuAK49glRXChosY8ap2oJ1qgma3GUVA==
    dependencies:
      "@babel/runtime" "^7.5.5"
      "@types/node" "^12.7.1"
      find-up "^4.1.0"
      fs-extra "^8.1.0"
  
  "@manypkg/get-packages@^1.0.0":
    version "1.1.1"
    resolved "https://registry.yarnpkg.com/@manypkg/get-packages/-/get-packages-1.1.1.tgz#7c7e72d0061ab2e61d2ce4da58ce91290a60ac8d"
    integrity sha512-J6VClfQSVgR6958eIDTGjfdCrELy1eT+SHeoSMomnvRQVktZMnEA5edIr5ovRFNw5y+Bk/jyoevPzGYod96mhw==
    dependencies:
      "@babel/runtime" "^7.5.5"
      "@manypkg/find-root" "^1.1.0"
      fs-extra "^8.1.0"
      globby "^11.0.0"
      read-yaml-file "^1.1.0"
  
  "@mrmlnc/readdir-enhanced@^2.2.1":
    version "2.2.1"
    resolved "https://registry.yarnpkg.com/@mrmlnc/readdir-enhanced/-/readdir-enhanced-2.2.1.tgz#524af240d1a360527b730475ecfa1344aa540dde"
    integrity sha512-bPHp6Ji8b41szTOcaP63VlnbbO5Ny6dwAATtY6JTjh5N2OLrb5Qk/Th5cRkRQhkWCt+EJsYrNB0MiL+Gpn6e3g==
    dependencies:
      call-me-maybe "^1.0.1"
      glob-to-regexp "^0.3.0"
  
  "@nodelib/fs.scandir@2.1.3":
    version "2.1.3"
    resolved "https://registry.yarnpkg.com/@nodelib/fs.scandir/-/fs.scandir-2.1.3.tgz#3a582bdb53804c6ba6d146579c46e52130cf4a3b"
    integrity sha512-eGmwYQn3gxo4r7jdQnkrrN6bY478C3P+a/y72IJukF8LjB6ZHeB3c+Ehacj3sYeSmUXGlnA67/PmbM9CVwL7Dw==
    dependencies:
      "@nodelib/fs.stat" "2.0.3"
      run-parallel "^1.1.9"
  
  "@nodelib/fs.stat@2.0.3", "@nodelib/fs.stat@^2.0.2":
    version "2.0.3"
    resolved "https://registry.yarnpkg.com/@nodelib/fs.stat/-/fs.stat-2.0.3.tgz#34dc5f4cabbc720f4e60f75a747e7ecd6c175bd3"
    integrity sha512-bQBFruR2TAwoevBEd/NWMoAAtNGzTRgdrqnYCc7dhzfoNvqPzLyqlEQnzZ3kVnNrSp25iyxE00/3h2fqGAGArA==
  
  "@nodelib/fs.stat@^1.1.2":
    version "1.1.3"
    resolved "https://registry.yarnpkg.com/@nodelib/fs.stat/-/fs.stat-1.1.3.tgz#2b5a3ab3f918cca48a8c754c08168e3f03eba61b"
    integrity sha512-shAmDyaQC4H92APFoIaVDHCx5bStIocgvbwQyxPRrbUY20V1EYTbSDchWbuwlMG3V17cprZhA6+78JfB+3DTPw==
  
  "@nodelib/fs.walk@^1.2.3":
    version "1.2.4"
    resolved "https://registry.yarnpkg.com/@nodelib/fs.walk/-/fs.walk-1.2.4.tgz#011b9202a70a6366e436ca5c065844528ab04976"
    integrity sha512-1V9XOY4rDW0rehzbrcqAmHnz8e7SKvX27gh8Gt2WgB0+pdzdiLV83p72kZPU+jvMbS1qU5mauP2iOvO8rhmurQ==
    dependencies:
      "@nodelib/fs.scandir" "2.1.3"
      fastq "^1.6.0"
  
  "@types/glob@^7.1.1":
    version "7.1.3"
    resolved "https://registry.yarnpkg.com/@types/glob/-/glob-7.1.3.tgz#e6ba80f36b7daad2c685acd9266382e68985c183"
    integrity sha512-SEYeGAIQIQX8NN6LDKprLjbrd5dARM5EXsd8GI/A5l0apYI1fGMWgPHSe4ZKL4eozlAyI+doUE9XbYS4xCkQ1w==
    dependencies:
      "@types/minimatch" "*"
      "@types/node" "*"
  
  "@types/minimatch@*":
    version "3.0.3"
    resolved "https://registry.yarnpkg.com/@types/minimatch/-/minimatch-3.0.3.tgz#3dca0e3f33b200fc7d1139c0cd96c1268cadfd9d"
    integrity sha512-tHq6qdbT9U1IRSGf14CL0pUlULksvY9OZ+5eEgl1N7t+OA3tGvNpxJCzuKQlsNgCVwbAs670L1vcVQi8j9HjnA==
  
  "@types/node@*":
    version "14.11.8"
    resolved "https://registry.yarnpkg.com/@types/node/-/node-14.11.8.tgz#fe2012f2355e4ce08bca44aeb3abbb21cf88d33f"
    integrity sha512-KPcKqKm5UKDkaYPTuXSx8wEP7vE9GnuaXIZKijwRYcePpZFDVuy2a57LarFKiORbHOuTOOwYzxVxcUzsh2P2Pw==
  
  "@types/node@^12.7.1":
    version "12.12.67"
    resolved "https://registry.yarnpkg.com/@types/node/-/node-12.12.67.tgz#4f86badb292e822e3b13730a1f9713ed2377f789"
    integrity sha512-R48tgL2izApf+9rYNH+3RBMbRpPeW3N8f0I9HMhggeq4UXwBDqumJ14SDs4ctTMhG11pIOduZ4z3QWGOiMc9Vg==
  
  "@types/semver@^6.0.1":
    version "6.2.2"
    resolved "https://registry.yarnpkg.com/@types/semver/-/semver-6.2.2.tgz#5c27df09ca39e3c9beb4fae6b95f4d71426df0a9"
    integrity sha512-RxAwYt4rGwK5GyoRwuP0jT6ZHAVTdz2EqgsHmX0PYNjGsko+OeT4WFXXTs/lM3teJUJodM+SNtAL5/pXIJ61IQ==
  
  ansi-styles@^3.2.1:
    version "3.2.1"
    resolved "https://registry.yarnpkg.com/ansi-styles/-/ansi-styles-3.2.1.tgz#41fbb20243e50b12be0f04b8dedbf07520ce841d"
    integrity sha512-VT0ZI6kZRdTh8YyJw3SMbYm/u+NqfsAxEpWO0Pf9sq8/e94WxxOpPKx9FR1FlyCtOVDNOQ+8ntlqFxiRc+r5qA==
    dependencies:
      color-convert "^1.9.0"
  
  argparse@^1.0.7:
    version "1.0.10"
    resolved "https://registry.yarnpkg.com/argparse/-/argparse-1.0.10.tgz#bcd6791ea5ae09725e17e5ad988134cd40b3d911"
    integrity sha512-o5Roy6tNG4SL/FOkCAN6RzjiakZS25RLYFrcMttJqbdd8BWrnA+fGz57iN5Pb06pvBGvl5gQ0B48dJlslXvoTg==
    dependencies:
      sprintf-js "~1.0.2"
  
  arr-diff@^4.0.0:
    version "4.0.0"
    resolved "https://registry.yarnpkg.com/arr-diff/-/arr-diff-4.0.0.tgz#d6461074febfec71e7e15235761a329a5dc7c520"
    integrity sha1-1kYQdP6/7HHn4VI1dhoyml3HxSA=
  
  arr-flatten@^1.1.0:
    version "1.1.0"
    resolved "https://registry.yarnpkg.com/arr-flatten/-/arr-flatten-1.1.0.tgz#36048bbff4e7b47e136644316c99669ea5ae91f1"
    integrity sha512-L3hKV5R/p5o81R7O02IGnwpDmkp6E982XhtbuwSe3O4qOtMMMtodicASA1Cny2U+aCXcNpml+m4dPsvsJ3jatg==
  
  arr-union@^3.1.0:
    version "3.1.0"
    resolved "https://registry.yarnpkg.com/arr-union/-/arr-union-3.1.0.tgz#e39b09aea9def866a8f206e288af63919bae39c4"
    integrity sha1-45sJrqne+Gao8gbiiK9jkZuuOcQ=
  
  array-find-index@^1.0.1:
    version "1.0.2"
    resolved "https://registry.yarnpkg.com/array-find-index/-/array-find-index-1.0.2.tgz#df010aa1287e164bbda6f9723b0a96a1ec4187a1"
    integrity sha1-3wEKoSh+Fku9pvlyOwqWoexBh6E=
  
  array-union@^1.0.2:
    version "1.0.2"
    resolved "https://registry.yarnpkg.com/array-union/-/array-union-1.0.2.tgz#9a34410e4f4e3da23dea375be5be70f24778ec39"
    integrity sha1-mjRBDk9OPaI96jdb5b5w8kd47Dk=
    dependencies:
      array-uniq "^1.0.1"
  
  array-union@^2.1.0:
    version "2.1.0"
    resolved "https://registry.yarnpkg.com/array-union/-/array-union-2.1.0.tgz#b798420adbeb1de828d84acd8a2e23d3efe85e8d"
    integrity sha512-HGyxoOTYUyCM6stUe6EJgnd4EoewAI7zMdfqO+kGjnlZmBDz/cR5pf8r/cR4Wq60sL/p0IkcjUEEPwS3GFrIyw==
  
  array-uniq@^1.0.1:
    version "1.0.3"
    resolved "https://registry.yarnpkg.com/array-uniq/-/array-uniq-1.0.3.tgz#af6ac877a25cc7f74e058894753858dfdb24fdb6"
    integrity sha1-r2rId6Jcx/dOBYiUdThY39sk/bY=
  
  array-unique@^0.3.2:
    version "0.3.2"
    resolved "https://registry.yarnpkg.com/array-unique/-/array-unique-0.3.2.tgz#a894b75d4bc4f6cd679ef3244a9fd8f46ae2d428"
    integrity sha1-qJS3XUvE9s1nnvMkSp/Y9Gri1Cg=
  
  arrify@^1.0.1:
    version "1.0.1"
    resolved "https://registry.yarnpkg.com/arrify/-/arrify-1.0.1.tgz#898508da2226f380df904728456849c1501a4b0d"
    integrity sha1-iYUI2iIm84DfkEcoRWhJwVAaSw0=
  
  assign-symbols@^1.0.0:
    version "1.0.0"
    resolved "https://registry.yarnpkg.com/assign-symbols/-/assign-symbols-1.0.0.tgz#59667f41fadd4f20ccbc2bb96b8d4f7f78ec0367"
    integrity sha1-WWZ/QfrdTyDMvCu5a41Pf3jsA2c=
  
  atob@^2.1.2:
    version "2.1.2"
    resolved "https://registry.yarnpkg.com/atob/-/atob-2.1.2.tgz#6d9517eb9e030d2436666651e86bd9f6f13533c9"
    integrity sha512-Wm6ukoaOGJi/73p/cl2GvLjTI5JM1k/O14isD73YML8StrH/7/lRFgmg8nICZgD3bZZvjwCGxtMOD3wWNAu8cg==
  
  balanced-match@^1.0.0:
    version "1.0.0"
    resolved "https://registry.yarnpkg.com/balanced-match/-/balanced-match-1.0.0.tgz#89b4d199ab2bee49de164ea02b89ce462d71b767"
    integrity sha1-ibTRmasr7kneFk6gK4nORi1xt2c=
  
  base@^0.11.1:
    version "0.11.2"
    resolved "https://registry.yarnpkg.com/base/-/base-0.11.2.tgz#7bde5ced145b6d551a90db87f83c558b4eb48a8f"
    integrity sha512-5T6P4xPgpp0YDFvSWwEZ4NoE3aM4QBQXDzmVbraCkFj8zHM+mba8SyqB5DbZWyR7mYHo6Y7BdQo3MoA4m0TeQg==
    dependencies:
      cache-base "^1.0.1"
      class-utils "^0.3.5"
      component-emitter "^1.2.1"
      define-property "^1.0.0"
      isobject "^3.0.1"
      mixin-deep "^1.2.0"
      pascalcase "^0.1.1"
  
  brace-expansion@^1.1.7:
    version "1.1.11"
    resolved "https://registry.yarnpkg.com/brace-expansion/-/brace-expansion-1.1.11.tgz#3c7fcbf529d87226f3d2f52b966ff5271eb441dd"
    integrity sha512-iCuPHDFgrHX7H2vEI/5xpz07zSHB00TpugqhmYtVmMO6518mCuRMoOYFldEBl0g187ufozdaHgWKcYFb61qGiA==
    dependencies:
      balanced-match "^1.0.0"
      concat-map "0.0.1"
  
  braces@^2.3.1:
    version "2.3.2"
    resolved "https://registry.yarnpkg.com/braces/-/braces-2.3.2.tgz#5979fd3f14cd531565e5fa2df1abfff1dfaee729"
    integrity sha512-aNdbnj9P8PjdXU4ybaWLK2IF3jc/EoDYbC7AazW6to3TRsfXxscC9UXOB5iDiEQrkyIbWp2SLQda4+QAa7nc3w==
    dependencies:
      arr-flatten "^1.1.0"
      array-unique "^0.3.2"
      extend-shallow "^2.0.1"
      fill-range "^4.0.0"
      isobject "^3.0.1"
      repeat-element "^1.1.2"
      snapdragon "^0.8.1"
      snapdragon-node "^2.0.1"
      split-string "^3.0.2"
      to-regex "^3.0.1"
  
  braces@^3.0.1:
    version "3.0.2"
    resolved "https://registry.yarnpkg.com/braces/-/braces-3.0.2.tgz#3454e1a462ee8d599e236df336cd9ea4f8afe107"
    integrity sha512-b8um+L1RzM3WDSzvhm6gIz1yfTbBt6YTlcEKAvsmqCZZFw46z626lVj9j1yEPW33H5H+lBQpZMP1k8l+78Ha0A==
    dependencies:
      fill-range "^7.0.1"
  
  builtins@^1.0.3:
    version "1.0.3"
    resolved "https://registry.yarnpkg.com/builtins/-/builtins-1.0.3.tgz#cb94faeb61c8696451db36534e1422f94f0aee88"
    integrity sha1-y5T662HIaWRR2zZTThQi+U8K7og=
  
  cache-base@^1.0.1:
    version "1.0.1"
    resolved "https://registry.yarnpkg.com/cache-base/-/cache-base-1.0.1.tgz#0a7f46416831c8b662ee36fe4e7c59d76f666ab2"
    integrity sha512-AKcdTnFSWATd5/GCPRxr2ChwIJ85CeyrEyjRHlKxQ56d4XJMGym0uAiKn0xbLOGOl3+yRpOTi484dVCEc5AUzQ==
    dependencies:
      collection-visit "^1.0.0"
      component-emitter "^1.2.1"
      get-value "^2.0.6"
      has-value "^1.0.0"
      isobject "^3.0.1"
      set-value "^2.0.0"
      to-object-path "^0.3.0"
      union-value "^1.0.0"
      unset-value "^1.0.0"
  
  call-me-maybe@^1.0.1:
    version "1.0.1"
    resolved "https://registry.yarnpkg.com/call-me-maybe/-/call-me-maybe-1.0.1.tgz#26d208ea89e37b5cbde60250a15f031c16a4d66b"
    integrity sha1-JtII6onje1y95gJQoV8DHBak1ms=
  
  camelcase-keys@^4.0.0:
    version "4.2.0"
    resolved "https://registry.yarnpkg.com/camelcase-keys/-/camelcase-keys-4.2.0.tgz#a2aa5fb1af688758259c32c141426d78923b9b77"
    integrity sha1-oqpfsa9oh1glnDLBQUJteJI7m3c=
    dependencies:
      camelcase "^4.1.0"
      map-obj "^2.0.0"
      quick-lru "^1.0.0"
  
  camelcase@^4.1.0:
    version "4.1.0"
    resolved "https://registry.yarnpkg.com/camelcase/-/camelcase-4.1.0.tgz#d545635be1e33c542649c69173e5de6acfae34dd"
    integrity sha1-1UVjW+HjPFQmScaRc+Xeas+uNN0=
  
  chalk@^2.4.2:
    version "2.4.2"
    resolved "https://registry.yarnpkg.com/chalk/-/chalk-2.4.2.tgz#cd42541677a54333cf541a49108c1432b44c9424"
    integrity sha512-Mti+f9lpJNcwF4tWV8/OrTTtF1gZi+f8FqlyAdouralcFWFQWF2+NgCHShjkCb+IFBLq9buZwE1xckQU4peSuQ==
    dependencies:
      ansi-styles "^3.2.1"
      escape-string-regexp "^1.0.5"
      supports-color "^5.3.0"
  
  class-utils@^0.3.5:
    version "0.3.6"
    resolved "https://registry.yarnpkg.com/class-utils/-/class-utils-0.3.6.tgz#f93369ae8b9a7ce02fd41faad0ca83033190c463"
    integrity sha512-qOhPa/Fj7s6TY8H8esGu5QNpMMQxz79h+urzrNYN6mn+9BnxlDGf5QZ+XeCDsxSjPqsSR56XOZOJmpeurnLMeg==
    dependencies:
      arr-union "^3.1.0"
      define-property "^0.2.5"
      isobject "^3.0.0"
      static-extend "^0.1.1"
  
  collection-visit@^1.0.0:
    version "1.0.0"
    resolved "https://registry.yarnpkg.com/collection-visit/-/collection-visit-1.0.0.tgz#4bc0373c164bc3291b4d368c829cf1a80a59dca0"
    integrity sha1-S8A3PBZLwykbTTaMgpzxqApZ3KA=
    dependencies:
      map-visit "^1.0.0"
      object-visit "^1.0.0"
  
  color-convert@^1.9.0:
    version "1.9.3"
    resolved "https://registry.yarnpkg.com/color-convert/-/color-convert-1.9.3.tgz#bb71850690e1f136567de629d2d5471deda4c1e8"
    integrity sha512-QfAUtd+vFdAtFQcC8CCyYt1fYWxSqAiK2cSD6zDB8N3cpsEBAvRxp9zOGg6G/SHHJYAT88/az/IuDGALsNVbGg==
    dependencies:
      color-name "1.1.3"
  
  color-name@1.1.3:
    version "1.1.3"
    resolved "https://registry.yarnpkg.com/color-name/-/color-name-1.1.3.tgz#a7d0558bd89c42f795dd42328f740831ca53bc25"
    integrity sha1-p9BVi9icQveV3UIyj3QIMcpTvCU=
  
  component-emitter@^1.2.1:
    version "1.3.0"
    resolved "https://registry.yarnpkg.com/component-emitter/-/component-emitter-1.3.0.tgz#16e4070fba8ae29b679f2215853ee181ab2eabc0"
    integrity sha512-Rd3se6QB+sO1TwqZjscQrurpEPIfO0/yYnSin6Q/rD3mOutHvUrCAhJub3r90uNb+SESBuE0QYoB90YdfatsRg==
  
  concat-map@0.0.1:
    version "0.0.1"
    resolved "https://registry.yarnpkg.com/concat-map/-/concat-map-0.0.1.tgz#d8a96bd77fd68df7793a73036a3ba0d5405d477b"
    integrity sha1-2Klr13/Wjfd5OnMDajug1UBdR3s=
  
  copy-descriptor@^0.1.0:
    version "0.1.1"
    resolved "https://registry.yarnpkg.com/copy-descriptor/-/copy-descriptor-0.1.1.tgz#676f6eb3c39997c2ee1ac3a924fd6124748f578d"
    integrity sha1-Z29us8OZl8LuGsOpJP1hJHSPV40=
  
  cross-spawn@^5.1.0:
    version "5.1.0"
    resolved "https://registry.yarnpkg.com/cross-spawn/-/cross-spawn-5.1.0.tgz#e8bd0efee58fcff6f8f94510a0a554bbfa235449"
    integrity sha1-6L0O/uWPz/b4+UUQoKVUu/ojVEk=
    dependencies:
      lru-cache "^4.0.1"
      shebang-command "^1.2.0"
      which "^1.2.9"
  
  currently-unhandled@^0.4.1:
    version "0.4.1"
    resolved "https://registry.yarnpkg.com/currently-unhandled/-/currently-unhandled-0.4.1.tgz#988df33feab191ef799a61369dd76c17adf957ea"
    integrity sha1-mI3zP+qxke95mmE2nddsF635V+o=
    dependencies:
      array-find-index "^1.0.1"
  
  debug@^2.2.0, debug@^2.3.3:
    version "2.6.9"
    resolved "https://registry.yarnpkg.com/debug/-/debug-2.6.9.tgz#5d128515df134ff327e90a4c93f4e077a536341f"
    integrity sha512-bC7ElrdJaJnPbAP+1EotYvqZsb3ecl5wi6Bfi6BJTUcNowp6cvspg0jXznRTKDjm/E7AdgFBVeAPVMNcKGsHMA==
    dependencies:
      ms "2.0.0"
  
  decamelize-keys@^1.0.0:
    version "1.1.0"
    resolved "https://registry.yarnpkg.com/decamelize-keys/-/decamelize-keys-1.1.0.tgz#d171a87933252807eb3cb61dc1c1445d078df2d9"
    integrity sha1-0XGoeTMlKAfrPLYdwcFEXQeN8tk=
    dependencies:
      decamelize "^1.1.0"
      map-obj "^1.0.0"
  
  decamelize@^1.1.0:
    version "1.2.0"
    resolved "https://registry.yarnpkg.com/decamelize/-/decamelize-1.2.0.tgz#f6534d15148269b20352e7bee26f501f9a191290"
    integrity sha1-9lNNFRSCabIDUue+4m9QH5oZEpA=
  
  decode-uri-component@^0.2.0:
    version "0.2.0"
    resolved "https://registry.yarnpkg.com/decode-uri-component/-/decode-uri-component-0.2.0.tgz#eb3913333458775cb84cd1a1fae062106bb87545"
    integrity sha1-6zkTMzRYd1y4TNGh+uBiEGu4dUU=
  
  define-property@^0.2.5:
    version "0.2.5"
    resolved "https://registry.yarnpkg.com/define-property/-/define-property-0.2.5.tgz#c35b1ef918ec3c990f9a5bc57be04aacec5c8116"
    integrity sha1-w1se+RjsPJkPmlvFe+BKrOxcgRY=
    dependencies:
      is-descriptor "^0.1.0"
  
  define-property@^1.0.0:
    version "1.0.0"
    resolved "https://registry.yarnpkg.com/define-property/-/define-property-1.0.0.tgz#769ebaaf3f4a63aad3af9e8d304c9bbe79bfb0e6"
    integrity sha1-dp66rz9KY6rTr56NMEybvnm/sOY=
    dependencies:
      is-descriptor "^1.0.0"
  
  define-property@^2.0.2:
    version "2.0.2"
    resolved "https://registry.yarnpkg.com/define-property/-/define-property-2.0.2.tgz#d459689e8d654ba77e02a817f8710d702cb16e9d"
    integrity sha512-jwK2UV4cnPpbcG7+VRARKTZPUWowwXA8bzH5NP6ud0oeAxyYPuGZUAC7hMugpCdz4BeSZl2Dl9k66CHJ/46ZYQ==
    dependencies:
      is-descriptor "^1.0.2"
      isobject "^3.0.1"
  
  detect-indent@^6.0.0:
    version "6.0.0"
    resolved "https://registry.yarnpkg.com/detect-indent/-/detect-indent-6.0.0.tgz#0abd0f549f69fc6659a254fe96786186b6f528fd"
    integrity sha512-oSyFlqaTHCItVRGK5RmrmjB+CmaMOW7IaNA/kdxqhoa6d17j/5ce9O9eWXmV/KEdRwqpQA+Vqe8a8Bsybu4YnA==
  
  dir-glob@^2.2.2:
    version "2.2.2"
    resolved "https://registry.yarnpkg.com/dir-glob/-/dir-glob-2.2.2.tgz#fa09f0694153c8918b18ba0deafae94769fc50c4"
    integrity sha512-f9LBi5QWzIW3I6e//uxZoLBlUt9kcp66qo0sSCxL6YZKc75R1c4MFCoe/LaZiBGmgujvQdxc5Bn3QhfyvK5Hsw==
    dependencies:
      path-type "^3.0.0"
  
  dir-glob@^3.0.1:
    version "3.0.1"
    resolved "https://registry.yarnpkg.com/dir-glob/-/dir-glob-3.0.1.tgz#56dbf73d992a4a93ba1584f4534063fd2e41717f"
    integrity sha512-WkrWp9GR4KXfKGYzOLmTuGVi1UWFfws377n9cc55/tb6DuqyF6pcQ5AbiHEshaDpY9v6oaSr2XCDidGmMwdzIA==
    dependencies:
      path-type "^4.0.0"
  
  error-ex@^1.3.1:
    version "1.3.2"
    resolved "https://registry.yarnpkg.com/error-ex/-/error-ex-1.3.2.tgz#b4ac40648107fdcdcfae242f428bea8a14d4f1bf"
    integrity sha512-7dFHNmqeFSEt2ZBsCriorKnn3Z2pj+fd9kmI6QoWw4//DL+icEBfc0U7qJCisqrTsKTjw4fNFy2pW9OqStD84g==
    dependencies:
      is-arrayish "^0.2.1"
  
  escape-string-regexp@^1.0.5:
    version "1.0.5"
    resolved "https://registry.yarnpkg.com/escape-string-regexp/-/escape-string-regexp-1.0.5.tgz#1b61c0562190a8dff6ae3bb2cf0200ca130b86d4"
    integrity sha1-G2HAViGQqN/2rjuyzwIAyhMLhtQ=
  
  esprima@^4.0.0:
    version "4.0.1"
    resolved "https://registry.yarnpkg.com/esprima/-/esprima-4.0.1.tgz#13b04cdb3e6c5d19df91ab6987a8695619b0aa71"
    integrity sha512-eGuFFw7Upda+g4p+QHvnW0RyTX/SVeJBDM/gCtMARO0cLuT2HcEKnTPvhjV6aGeqrCB/sbNop0Kszm0jsaWU4A==
  
  expand-brackets@^2.1.4:
    version "2.1.4"
    resolved "https://registry.yarnpkg.com/expand-brackets/-/expand-brackets-2.1.4.tgz#b77735e315ce30f6b6eff0f83b04151a22449622"
    integrity sha1-t3c14xXOMPa27/D4OwQVGiJEliI=
    dependencies:
      debug "^2.3.3"
      define-property "^0.2.5"
      extend-shallow "^2.0.1"
      posix-character-classes "^0.1.0"
      regex-not "^1.0.0"
      snapdragon "^0.8.1"
      to-regex "^3.0.1"
  
  extend-shallow@^2.0.1:
    version "2.0.1"
    resolved "https://registry.yarnpkg.com/extend-shallow/-/extend-shallow-2.0.1.tgz#51af7d614ad9a9f610ea1bafbb989d6b1c56890f"
    integrity sha1-Ua99YUrZqfYQ6huvu5idaxxWiQ8=
    dependencies:
      is-extendable "^0.1.0"
  
  extend-shallow@^3.0.0, extend-shallow@^3.0.2:
    version "3.0.2"
    resolved "https://registry.yarnpkg.com/extend-shallow/-/extend-shallow-3.0.2.tgz#26a71aaf073b39fb2127172746131c2704028db8"
    integrity sha1-Jqcarwc7OfshJxcnRhMcJwQCjbg=
    dependencies:
      assign-symbols "^1.0.0"
      is-extendable "^1.0.1"
  
  extglob@^2.0.4:
    version "2.0.4"
    resolved "https://registry.yarnpkg.com/extglob/-/extglob-2.0.4.tgz#ad00fe4dc612a9232e8718711dc5cb5ab0285543"
    integrity sha512-Nmb6QXkELsuBr24CJSkilo6UHHgbekK5UiZgfE6UHD3Eb27YC6oD+bhcT+tJ6cl8dmsgdQxnWlcry8ksBIBLpw==
    dependencies:
      array-unique "^0.3.2"
      define-property "^1.0.0"
      expand-brackets "^2.1.4"
      extend-shallow "^2.0.1"
      fragment-cache "^0.2.1"
      regex-not "^1.0.0"
      snapdragon "^0.8.1"
      to-regex "^3.0.1"
  
  fast-glob@^2.2.6:
    version "2.2.7"
    resolved "https://registry.yarnpkg.com/fast-glob/-/fast-glob-2.2.7.tgz#6953857c3afa475fff92ee6015d52da70a4cd39d"
    integrity sha512-g1KuQwHOZAmOZMuBtHdxDtju+T2RT8jgCC9aANsbpdiDDTSnjgfuVsIBNKbUeJI3oKMRExcfNDtJl4OhbffMsw==
    dependencies:
      "@mrmlnc/readdir-enhanced" "^2.2.1"
      "@nodelib/fs.stat" "^1.1.2"
      glob-parent "^3.1.0"
      is-glob "^4.0.0"
      merge2 "^1.2.3"
      micromatch "^3.1.10"
  
  fast-glob@^3.1.1:
    version "3.2.4"
    resolved "https://registry.yarnpkg.com/fast-glob/-/fast-glob-3.2.4.tgz#d20aefbf99579383e7f3cc66529158c9b98554d3"
    integrity sha512-kr/Oo6PX51265qeuCYsyGypiO5uJFgBS0jksyG7FUeCyQzNwYnzrNIMR1NXfkZXsMYXYLRAHgISHBz8gQcxKHQ==
    dependencies:
      "@nodelib/fs.stat" "^2.0.2"
      "@nodelib/fs.walk" "^1.2.3"
      glob-parent "^5.1.0"
      merge2 "^1.3.0"
      micromatch "^4.0.2"
      picomatch "^2.2.1"
  
  fastq@^1.6.0:
    version "1.8.0"
    resolved "https://registry.yarnpkg.com/fastq/-/fastq-1.8.0.tgz#550e1f9f59bbc65fe185cb6a9b4d95357107f481"
    integrity sha512-SMIZoZdLh/fgofivvIkmknUXyPnvxRE3DhtZ5Me3Mrsk5gyPL42F0xr51TdRXskBxHfMp+07bcYzfsYEsSQA9Q==
    dependencies:
      reusify "^1.0.4"
  
  fill-range@^4.0.0:
    version "4.0.0"
    resolved "https://registry.yarnpkg.com/fill-range/-/fill-range-4.0.0.tgz#d544811d428f98eb06a63dc402d2403c328c38f7"
    integrity sha1-1USBHUKPmOsGpj3EAtJAPDKMOPc=
    dependencies:
      extend-shallow "^2.0.1"
      is-number "^3.0.0"
      repeat-string "^1.6.1"
      to-regex-range "^2.1.0"
  
  fill-range@^7.0.1:
    version "7.0.1"
    resolved "https://registry.yarnpkg.com/fill-range/-/fill-range-7.0.1.tgz#1919a6a7c75fe38b2c7c77e5198535da9acdda40"
    integrity sha512-qOo9F+dMUmC2Lcb4BbVvnKJxTPjCm+RRpe4gDuGrzkL7mEVl/djYSu2OdQ2Pa302N4oqkSg9ir6jaLWJ2USVpQ==
    dependencies:
      to-regex-range "^5.0.1"
  
  find-up@^2.0.0:
    version "2.1.0"
    resolved "https://registry.yarnpkg.com/find-up/-/find-up-2.1.0.tgz#45d1b7e506c717ddd482775a2b77920a3c0c57a7"
    integrity sha1-RdG35QbHF93UgndaK3eSCjwMV6c=
    dependencies:
      locate-path "^2.0.0"
  
  find-up@^4.1.0:
    version "4.1.0"
    resolved "https://registry.yarnpkg.com/find-up/-/find-up-4.1.0.tgz#97afe7d6cdc0bc5928584b7c8d7b16e8a9aa5d19"
    integrity sha512-PpOwAdQ/YlXQ2vj8a3h8IipDuYRi3wceVQQGYWxNINccq40Anw7BlsEXCMbt1Zt+OLA6Fq9suIpIWD0OsnISlw==
    dependencies:
      locate-path "^5.0.0"
      path-exists "^4.0.0"
  
  for-in@^1.0.2:
    version "1.0.2"
    resolved "https://registry.yarnpkg.com/for-in/-/for-in-1.0.2.tgz#81068d295a8142ec0ac726c6e2200c30fb6d5e80"
    integrity sha1-gQaNKVqBQuwKxybG4iAMMPttXoA=
  
  fp-ts@^2.8.3:
    version "2.8.4"
    resolved "https://registry.yarnpkg.com/fp-ts/-/fp-ts-2.8.4.tgz#d1af738a94de8591d441ef656153d04bd878edeb"
    integrity sha512-J+kwce5SysU0YKuZ3aCnFk+dyezZD1mij6u26w1fCVfuLYgJR4eeXmVfJiUjthpZ+4yCRkRfcwMI5SkGw52oFA==
  
  fragment-cache@^0.2.1:
    version "0.2.1"
    resolved "https://registry.yarnpkg.com/fragment-cache/-/fragment-cache-0.2.1.tgz#4290fad27f13e89be7f33799c6bc5a0abfff0d19"
    integrity sha1-QpD60n8T6Jvn8zeZxrxaCr//DRk=
    dependencies:
      map-cache "^0.2.2"
  
  fs-extra@^7.0.1:
    version "7.0.1"
    resolved "https://registry.yarnpkg.com/fs-extra/-/fs-extra-7.0.1.tgz#4f189c44aa123b895f722804f55ea23eadc348e9"
    integrity sha512-YJDaCJZEnBmcbw13fvdAM9AwNOJwOzrE4pqMqBq5nFiEqXUqHwlK4B+3pUw6JNvfSPtX05xFHtYy/1ni01eGCw==
    dependencies:
      graceful-fs "^4.1.2"
      jsonfile "^4.0.0"
      universalify "^0.1.0"
  
  fs-extra@^8.1.0:
    version "8.1.0"
    resolved "https://registry.yarnpkg.com/fs-extra/-/fs-extra-8.1.0.tgz#49d43c45a88cd9677668cb7be1b46efdb8d2e1c0"
    integrity sha512-yhlQgA6mnOJUKOsRUFsgJdQCvkKhcz8tlZG5HBQfReYZy46OwLcY+Zia0mtdHsOo9y/hP+CxMN0TU9QxoOtG4g==
    dependencies:
      graceful-fs "^4.2.0"
      jsonfile "^4.0.0"
      universalify "^0.1.0"
  
  fs.realpath@^1.0.0:
    version "1.0.0"
    resolved "https://registry.yarnpkg.com/fs.realpath/-/fs.realpath-1.0.0.tgz#1504ad2523158caa40db4a2787cb01411994ea4f"
    integrity sha1-FQStJSMVjKpA20onh8sBQRmU6k8=
  
  get-value@^2.0.3, get-value@^2.0.6:
    version "2.0.6"
    resolved "https://registry.yarnpkg.com/get-value/-/get-value-2.0.6.tgz#dc15ca1c672387ca76bd37ac0a395ba2042a2c28"
    integrity sha1-3BXKHGcjh8p2vTesCjlbogQqLCg=
  
  get-workspaces@^0.6.0:
    version "0.6.0"
    resolved "https://registry.yarnpkg.com/get-workspaces/-/get-workspaces-0.6.0.tgz#0060bd2238324fd9b7ed7bb9c63f7561fd72001b"
    integrity sha512-EWfuENHoxNGk4xoel0jJdm/nhm8oMGQYRsTWJDqrHaj7jyebSckZI0TwQaeWX1rzqpMLULYFrdxhYJPI1l2j3w==
    dependencies:
      "@changesets/types" "^0.4.0"
      fs-extra "^7.0.1"
      globby "^9.2.0"
      read-yaml-file "^1.1.0"
  
  glob-parent@^3.1.0:
    version "3.1.0"
    resolved "https://registry.yarnpkg.com/glob-parent/-/glob-parent-3.1.0.tgz#9e6af6299d8d3bd2bd40430832bd113df906c5ae"
    integrity sha1-nmr2KZ2NO9K9QEMIMr0RPfkGxa4=
    dependencies:
      is-glob "^3.1.0"
      path-dirname "^1.0.0"
  
  glob-parent@^5.1.0:
    version "5.1.1"
    resolved "https://registry.yarnpkg.com/glob-parent/-/glob-parent-5.1.1.tgz#b6c1ef417c4e5663ea498f1c45afac6916bbc229"
    integrity sha512-FnI+VGOpnlGHWZxthPGR+QhR78fuiK0sNLkHQv+bL9fQi57lNNdquIbna/WrfROrolq8GK5Ek6BiMwqL/voRYQ==
    dependencies:
      is-glob "^4.0.1"
  
  glob-to-regexp@^0.3.0:
    version "0.3.0"
    resolved "https://registry.yarnpkg.com/glob-to-regexp/-/glob-to-regexp-0.3.0.tgz#8c5a1494d2066c570cc3bfe4496175acc4d502ab"
    integrity sha1-jFoUlNIGbFcMw7/kSWF1rMTVAqs=
  
  glob@^7.1.3:
    version "7.1.6"
    resolved "https://registry.yarnpkg.com/glob/-/glob-7.1.6.tgz#141f33b81a7c2492e125594307480c46679278a6"
    integrity sha512-LwaxwyZ72Lk7vZINtNNrywX0ZuLyStrdDtabefZKAY5ZGJhVtgdznluResxNmPitE0SAO+O26sWTHeKSI2wMBA==
    dependencies:
      fs.realpath "^1.0.0"
      inflight "^1.0.4"
      inherits "2"
      minimatch "^3.0.4"
      once "^1.3.0"
      path-is-absolute "^1.0.0"
  
  globby@^11.0.0:
    version "11.0.1"
    resolved "https://registry.yarnpkg.com/globby/-/globby-11.0.1.tgz#9a2bf107a068f3ffeabc49ad702c79ede8cfd357"
    integrity sha512-iH9RmgwCmUJHi2z5o2l3eTtGBtXek1OYlHrbcxOYugyHLmAsZrPj43OtHThd62Buh/Vv6VyCBD2bdyWcGNQqoQ==
    dependencies:
      array-union "^2.1.0"
      dir-glob "^3.0.1"
      fast-glob "^3.1.1"
      ignore "^5.1.4"
      merge2 "^1.3.0"
      slash "^3.0.0"
  
  globby@^9.2.0:
    version "9.2.0"
    resolved "https://registry.yarnpkg.com/globby/-/globby-9.2.0.tgz#fd029a706c703d29bdd170f4b6db3a3f7a7cb63d"
    integrity sha512-ollPHROa5mcxDEkwg6bPt3QbEf4pDQSNtd6JPL1YvOvAo/7/0VAm9TccUeoTmarjPw4pfUthSCqcyfNB1I3ZSg==
    dependencies:
      "@types/glob" "^7.1.1"
      array-union "^1.0.2"
      dir-glob "^2.2.2"
      fast-glob "^2.2.6"
      glob "^7.1.3"
      ignore "^4.0.3"
      pify "^4.0.1"
      slash "^2.0.0"
  
  graceful-fs@^4.1.2, graceful-fs@^4.1.5, graceful-fs@^4.1.6, graceful-fs@^4.2.0:
    version "4.2.4"
    resolved "https://registry.yarnpkg.com/graceful-fs/-/graceful-fs-4.2.4.tgz#2256bde14d3632958c465ebc96dc467ca07a29fb"
    integrity sha512-WjKPNJF79dtJAVniUlGGWHYGz2jWxT6VhN/4m1NdkbZ2nOsEF+cI1Edgql5zCRhs/VsQYRvrXctxktVXZUkixw==
  
  has-flag@^3.0.0:
    version "3.0.0"
    resolved "https://registry.yarnpkg.com/has-flag/-/has-flag-3.0.0.tgz#b5d454dc2199ae225699f3467e5a07f3b955bafd"
    integrity sha1-tdRU3CGZriJWmfNGfloH87lVuv0=
  
  has-value@^0.3.1:
    version "0.3.1"
    resolved "https://registry.yarnpkg.com/has-value/-/has-value-0.3.1.tgz#7b1f58bada62ca827ec0a2078025654845995e1f"
    integrity sha1-ex9YutpiyoJ+wKIHgCVlSEWZXh8=
    dependencies:
      get-value "^2.0.3"
      has-values "^0.1.4"
      isobject "^2.0.0"
  
  has-value@^1.0.0:
    version "1.0.0"
    resolved "https://registry.yarnpkg.com/has-value/-/has-value-1.0.0.tgz#18b281da585b1c5c51def24c930ed29a0be6b177"
    integrity sha1-GLKB2lhbHFxR3vJMkw7SmgvmsXc=
    dependencies:
      get-value "^2.0.6"
      has-values "^1.0.0"
      isobject "^3.0.0"
  
  has-values@^0.1.4:
    version "0.1.4"
    resolved "https://registry.yarnpkg.com/has-values/-/has-values-0.1.4.tgz#6d61de95d91dfca9b9a02089ad384bff8f62b771"
    integrity sha1-bWHeldkd/Km5oCCJrThL/49it3E=
  
  has-values@^1.0.0:
    version "1.0.0"
    resolved "https://registry.yarnpkg.com/has-values/-/has-values-1.0.0.tgz#95b0b63fec2146619a6fe57fe75628d5a39efe4f"
    integrity sha1-lbC2P+whRmGab+V/51Yo1aOe/k8=
    dependencies:
      is-number "^3.0.0"
      kind-of "^4.0.0"
  
  hosted-git-info@^2.1.4:
    version "2.8.8"
    resolved "https://registry.yarnpkg.com/hosted-git-info/-/hosted-git-info-2.8.8.tgz#7539bd4bc1e0e0a895815a2e0262420b12858488"
    integrity sha512-f/wzC2QaWBs7t9IYqB4T3sR1xviIViXJRJTWBlx2Gf3g0Xi5vI7Yy4koXQ1c9OYDGHN9sBy1DQ2AB8fqZBWhUg==
  
  ignore@^4.0.3:
    version "4.0.6"
    resolved "https://registry.yarnpkg.com/ignore/-/ignore-4.0.6.tgz#750e3db5862087b4737ebac8207ffd1ef27b25fc"
    integrity sha512-cyFDKrqc/YdcWFniJhzI42+AzS+gNwmUzOSFcRCQYwySuBBBy/KjuxWLZ/FHEH6Moq1NizMOBWyTcv8O4OZIMg==
  
  ignore@^5.1.4:
    version "5.1.8"
    resolved "https://registry.yarnpkg.com/ignore/-/ignore-5.1.8.tgz#f150a8b50a34289b33e22f5889abd4d8016f0e57"
    integrity sha512-BMpfD7PpiETpBl/A6S498BaIJ6Y/ABT93ETbby2fP00v4EbvPBXWEoaR1UBPKs3iR53pJY7EtZk5KACI57i1Uw==
  
  indent-string@^3.0.0:
    version "3.2.0"
    resolved "https://registry.yarnpkg.com/indent-string/-/indent-string-3.2.0.tgz#4a5fd6d27cc332f37e5419a504dbb837105c9289"
    integrity sha1-Sl/W0nzDMvN+VBmlBNu4NxBckok=
  
  inflight@^1.0.4:
    version "1.0.6"
    resolved "https://registry.yarnpkg.com/inflight/-/inflight-1.0.6.tgz#49bd6331d7d02d0c09bc910a1075ba8165b56df9"
    integrity sha1-Sb1jMdfQLQwJvJEKEHW6gWW1bfk=
    dependencies:
      once "^1.3.0"
      wrappy "1"
  
  inherits@2:
    version "2.0.4"
    resolved "https://registry.yarnpkg.com/inherits/-/inherits-2.0.4.tgz#0fa2c64f932917c3433a0ded55363aae37416b7c"
    integrity sha512-k/vGaX4/Yla3WzyMCvTQOXYeIHvqOKtnqBduzTHpzpQZzAskKMhZ2K+EnBiSM9zGSoIFeMpXKxa4dYeZIQqewQ==
  
  io-ts@^2.2.11:
    version "2.2.11"
    resolved "https://registry.yarnpkg.com/io-ts/-/io-ts-2.2.11.tgz#968a02f57b740fd422c8f9cf7ee99187854636f9"
    integrity sha512-lGxyPvZNhmo1U1Hy0ovjRtXljG6F59R3bZErK9XjiIQPlt4nuzbDNSwvalXvS7Z8iSZhx2S5GpNz5tVhpnDf6w==
  
  is-accessor-descriptor@^0.1.6:
    version "0.1.6"
    resolved "https://registry.yarnpkg.com/is-accessor-descriptor/-/is-accessor-descriptor-0.1.6.tgz#a9e12cb3ae8d876727eeef3843f8a0897b5c98d6"
    integrity sha1-qeEss66Nh2cn7u84Q/igiXtcmNY=
    dependencies:
      kind-of "^3.0.2"
  
  is-accessor-descriptor@^1.0.0:
    version "1.0.0"
    resolved "https://registry.yarnpkg.com/is-accessor-descriptor/-/is-accessor-descriptor-1.0.0.tgz#169c2f6d3df1f992618072365c9b0ea1f6878656"
    integrity sha512-m5hnHTkcVsPfqx3AKlyttIPb7J+XykHvJP2B9bZDjlhLIoEq4XoK64Vg7boZlVWYK6LUY94dYPEE7Lh0ZkZKcQ==
    dependencies:
      kind-of "^6.0.0"
  
  is-arrayish@^0.2.1:
    version "0.2.1"
    resolved "https://registry.yarnpkg.com/is-arrayish/-/is-arrayish-0.2.1.tgz#77c99840527aa8ecb1a8ba697b80645a7a926a9d"
    integrity sha1-d8mYQFJ6qOyxqLppe4BkWnqSap0=
  
  is-buffer@^1.1.5:
    version "1.1.6"
    resolved "https://registry.yarnpkg.com/is-buffer/-/is-buffer-1.1.6.tgz#efaa2ea9daa0d7ab2ea13a97b2b8ad51fefbe8be"
    integrity sha512-NcdALwpXkTm5Zvvbk7owOUSvVvBKDgKP5/ewfXEznmQFfs4ZRmanOeKBTjRVjka3QFoN6XJ+9F3USqfHqTaU5w==
  
  is-data-descriptor@^0.1.4:
    version "0.1.4"
    resolved "https://registry.yarnpkg.com/is-data-descriptor/-/is-data-descriptor-0.1.4.tgz#0b5ee648388e2c860282e793f1856fec3f301b56"
    integrity sha1-C17mSDiOLIYCgueT8YVv7D8wG1Y=
    dependencies:
      kind-of "^3.0.2"
  
  is-data-descriptor@^1.0.0:
    version "1.0.0"
    resolved "https://registry.yarnpkg.com/is-data-descriptor/-/is-data-descriptor-1.0.0.tgz#d84876321d0e7add03990406abbbbd36ba9268c7"
    integrity sha512-jbRXy1FmtAoCjQkVmIVYwuuqDFUbaOeDjmed1tOGPrsMhtJA4rD9tkgA0F1qJ3gRFRXcHYVkdeaP50Q5rE/jLQ==
    dependencies:
      kind-of "^6.0.0"
  
  is-descriptor@^0.1.0:
    version "0.1.6"
    resolved "https://registry.yarnpkg.com/is-descriptor/-/is-descriptor-0.1.6.tgz#366d8240dde487ca51823b1ab9f07a10a78251ca"
    integrity sha512-avDYr0SB3DwO9zsMov0gKCESFYqCnE4hq/4z3TdUlukEy5t9C0YRq7HLrsN52NAcqXKaepeCD0n+B0arnVG3Hg==
    dependencies:
      is-accessor-descriptor "^0.1.6"
      is-data-descriptor "^0.1.4"
      kind-of "^5.0.0"
  
  is-descriptor@^1.0.0, is-descriptor@^1.0.2:
    version "1.0.2"
    resolved "https://registry.yarnpkg.com/is-descriptor/-/is-descriptor-1.0.2.tgz#3b159746a66604b04f8c81524ba365c5f14d86ec"
    integrity sha512-2eis5WqQGV7peooDyLmNEPUrps9+SXX5c9pL3xEB+4e9HnGuDa7mB7kHxHw4CbqS9k1T2hOH3miL8n8WtiYVtg==
    dependencies:
      is-accessor-descriptor "^1.0.0"
      is-data-descriptor "^1.0.0"
      kind-of "^6.0.2"
  
  is-extendable@^0.1.0, is-extendable@^0.1.1:
    version "0.1.1"
    resolved "https://registry.yarnpkg.com/is-extendable/-/is-extendable-0.1.1.tgz#62b110e289a471418e3ec36a617d472e301dfc89"
    integrity sha1-YrEQ4omkcUGOPsNqYX1HLjAd/Ik=
  
  is-extendable@^1.0.1:
    version "1.0.1"
    resolved "https://registry.yarnpkg.com/is-extendable/-/is-extendable-1.0.1.tgz#a7470f9e426733d81bd81e1155264e3a3507cab4"
    integrity sha512-arnXMxT1hhoKo9k1LZdmlNyJdDDfy2v0fXjFlmok4+i8ul/6WlbVge9bhM74OpNPQPMGUToDtz+KXa1PneJxOA==
    dependencies:
      is-plain-object "^2.0.4"
  
  is-extglob@^2.1.0, is-extglob@^2.1.1:
    version "2.1.1"
    resolved "https://registry.yarnpkg.com/is-extglob/-/is-extglob-2.1.1.tgz#a88c02535791f02ed37c76a1b9ea9773c833f8c2"
    integrity sha1-qIwCU1eR8C7TfHahueqXc8gz+MI=
  
  is-glob@^3.1.0:
    version "3.1.0"
    resolved "https://registry.yarnpkg.com/is-glob/-/is-glob-3.1.0.tgz#7ba5ae24217804ac70707b96922567486cc3e84a"
    integrity sha1-e6WuJCF4BKxwcHuWkiVnSGzD6Eo=
    dependencies:
      is-extglob "^2.1.0"
  
  is-glob@^4.0.0, is-glob@^4.0.1:
    version "4.0.1"
    resolved "https://registry.yarnpkg.com/is-glob/-/is-glob-4.0.1.tgz#7567dbe9f2f5e2467bc77ab83c4a29482407a5dc"
    integrity sha512-5G0tKtBTFImOqDnLB2hG6Bp2qcKEFduo4tZu9MT/H6NQv/ghhy30o55ufafxJ/LdH79LLs2Kfrn85TLKyA7BUg==
    dependencies:
      is-extglob "^2.1.1"
  
  is-number@^3.0.0:
    version "3.0.0"
    resolved "https://registry.yarnpkg.com/is-number/-/is-number-3.0.0.tgz#24fd6201a4782cf50561c810276afc7d12d71195"
    integrity sha1-JP1iAaR4LPUFYcgQJ2r8fRLXEZU=
    dependencies:
      kind-of "^3.0.2"
  
  is-number@^7.0.0:
    version "7.0.0"
    resolved "https://registry.yarnpkg.com/is-number/-/is-number-7.0.0.tgz#7535345b896734d5f80c4d06c50955527a14f12b"
    integrity sha512-41Cifkg6e8TylSpdtTpeLVMqvSBEVzTttHvERD741+pnZ8ANv0004MRL43QKPDlK9cGvNp6NZWZUBlbGXYxxng==
  
  is-plain-obj@^1.1.0:
    version "1.1.0"
    resolved "https://registry.yarnpkg.com/is-plain-obj/-/is-plain-obj-1.1.0.tgz#71a50c8429dfca773c92a390a4a03b39fcd51d3e"
    integrity sha1-caUMhCnfync8kqOQpKA7OfzVHT4=
  
  is-plain-object@^2.0.3, is-plain-object@^2.0.4:
    version "2.0.4"
    resolved "https://registry.yarnpkg.com/is-plain-object/-/is-plain-object-2.0.4.tgz#2c163b3fafb1b606d9d17928f05c2a1c38e07677"
    integrity sha512-h5PpgXkWitc38BBMYawTYMWJHFZJVnBquFE57xFpjB8pJFiF6gZ+bU+WyI/yqXiFR5mdLsgYNaPe8uao6Uv9Og==
    dependencies:
      isobject "^3.0.1"
  
  is-windows@^1.0.2:
    version "1.0.2"
    resolved "https://registry.yarnpkg.com/is-windows/-/is-windows-1.0.2.tgz#d1850eb9791ecd18e6182ce12a30f396634bb19d"
    integrity sha512-eXK1UInq2bPmjyX6e3VHIzMLobc4J94i4AWn+Hpq3OU5KkrRC96OAcR3PRJ/pGu6m8TRnBHP9dkXQVsT/COVIA==
  
  isarray@1.0.0:
    version "1.0.0"
    resolved "https://registry.yarnpkg.com/isarray/-/isarray-1.0.0.tgz#bb935d48582cba168c06834957a54a3e07124f11"
    integrity sha1-u5NdSFgsuhaMBoNJV6VKPgcSTxE=
  
  isexe@^2.0.0:
    version "2.0.0"
    resolved "https://registry.yarnpkg.com/isexe/-/isexe-2.0.0.tgz#e8fbf374dc556ff8947a10dcb0572d633f2cfa10"
    integrity sha1-6PvzdNxVb/iUehDcsFctYz8s+hA=
  
  isobject@^2.0.0:
    version "2.1.0"
    resolved "https://registry.yarnpkg.com/isobject/-/isobject-2.1.0.tgz#f065561096a3f1da2ef46272f815c840d87e0c89"
    integrity sha1-8GVWEJaj8dou9GJy+BXIQNh+DIk=
    dependencies:
      isarray "1.0.0"
  
  isobject@^3.0.0, isobject@^3.0.1:
    version "3.0.1"
    resolved "https://registry.yarnpkg.com/isobject/-/isobject-3.0.1.tgz#4e431e92b11a9731636aa1f9c8d1ccbcfdab78df"
    integrity sha1-TkMekrEalzFjaqH5yNHMvP2reN8=
  
  js-yaml@^3.6.1:
    version "3.14.0"
    resolved "https://registry.yarnpkg.com/js-yaml/-/js-yaml-3.14.0.tgz#a7a34170f26a21bb162424d8adacb4113a69e482"
    integrity sha512-/4IbIeHcD9VMHFqDR/gQ7EdZdLimOvW2DdcxFjdyyZ9NsbS+ccrXqVWDtab/lRl5AlUqmpBx8EhPaWR+OtY17A==
    dependencies:
      argparse "^1.0.7"
      esprima "^4.0.0"
  
  json-parse-better-errors@^1.0.1:
    version "1.0.2"
    resolved "https://registry.yarnpkg.com/json-parse-better-errors/-/json-parse-better-errors-1.0.2.tgz#bb867cfb3450e69107c131d1c514bab3dc8bcaa9"
    integrity sha512-mrqyZKfX5EhL7hvqcV6WG1yYjnjeuYDzDhhcAAUrq8Po85NBQBJP+ZDUT75qZQ98IkUoBqdkExkukOU7Ts2wrw==
  
  jsonfile@^4.0.0:
    version "4.0.0"
    resolved "https://registry.yarnpkg.com/jsonfile/-/jsonfile-4.0.0.tgz#8771aae0799b64076b76640fca058f9c10e33ecb"
    integrity sha1-h3Gq4HmbZAdrdmQPygWPnBDjPss=
    optionalDependencies:
      graceful-fs "^4.1.6"
  
  kind-of@^3.0.2, kind-of@^3.0.3, kind-of@^3.2.0:
    version "3.2.2"
    resolved "https://registry.yarnpkg.com/kind-of/-/kind-of-3.2.2.tgz#31ea21a734bab9bbb0f32466d893aea51e4a3c64"
    integrity sha1-MeohpzS6ubuw8yRm2JOupR5KPGQ=
    dependencies:
      is-buffer "^1.1.5"
  
  kind-of@^4.0.0:
    version "4.0.0"
    resolved "https://registry.yarnpkg.com/kind-of/-/kind-of-4.0.0.tgz#20813df3d712928b207378691a45066fae72dd57"
    integrity sha1-IIE989cSkosgc3hpGkUGb65y3Vc=
    dependencies:
      is-buffer "^1.1.5"
  
  kind-of@^5.0.0:
    version "5.1.0"
    resolved "https://registry.yarnpkg.com/kind-of/-/kind-of-5.1.0.tgz#729c91e2d857b7a419a1f9aa65685c4c33f5845d"
    integrity sha512-NGEErnH6F2vUuXDh+OlbcKW7/wOcfdRHaZ7VWtqCztfHri/++YKmP51OdWeGPuqCOba6kk2OTe5d02VmTB80Pw==
  
  kind-of@^6.0.0, kind-of@^6.0.2:
    version "6.0.3"
    resolved "https://registry.yarnpkg.com/kind-of/-/kind-of-6.0.3.tgz#07c05034a6c349fa06e24fa35aa76db4580ce4dd"
    integrity sha512-dcS1ul+9tmeD95T+x28/ehLgd9mENa3LsvDTtzm3vyBEO7RPptvAD+t44WVXaUjTBRcrpFeFlC8WCruUR456hw==
  
  load-json-file@^4.0.0:
    version "4.0.0"
    resolved "https://registry.yarnpkg.com/load-json-file/-/load-json-file-4.0.0.tgz#2f5f45ab91e33216234fd53adab668eb4ec0993b"
    integrity sha1-L19Fq5HjMhYjT9U62rZo607AmTs=
    dependencies:
      graceful-fs "^4.1.2"
      parse-json "^4.0.0"
      pify "^3.0.0"
      strip-bom "^3.0.0"
  
  locate-path@^2.0.0:
    version "2.0.0"
    resolved "https://registry.yarnpkg.com/locate-path/-/locate-path-2.0.0.tgz#2b568b265eec944c6d9c0de9c3dbbbca0354cd8e"
    integrity sha1-K1aLJl7slExtnA3pw9u7ygNUzY4=
    dependencies:
      p-locate "^2.0.0"
      path-exists "^3.0.0"
  
  locate-path@^5.0.0:
    version "5.0.0"
    resolved "https://registry.yarnpkg.com/locate-path/-/locate-path-5.0.0.tgz#1afba396afd676a6d42504d0a67a3a7eb9f62aa0"
    integrity sha512-t7hw9pI+WvuwNJXwk5zVHpyhIqzg2qTlklJOf0mVxGSbe3Fp2VieZcduNYjaLDoy6p9uGpQEGWG87WpMKlNq8g==
    dependencies:
      p-locate "^4.1.0"
  
  loud-rejection@^1.0.0:
    version "1.6.0"
    resolved "https://registry.yarnpkg.com/loud-rejection/-/loud-rejection-1.6.0.tgz#5b46f80147edee578870f086d04821cf998e551f"
    integrity sha1-W0b4AUft7leIcPCG0Eghz5mOVR8=
    dependencies:
      currently-unhandled "^0.4.1"
      signal-exit "^3.0.0"
  
  lru-cache@^4.0.1:
    version "4.1.5"
    resolved "https://registry.yarnpkg.com/lru-cache/-/lru-cache-4.1.5.tgz#8bbe50ea85bed59bc9e33dcab8235ee9bcf443cd"
    integrity sha512-sWZlbEP2OsHNkXrMl5GYk/jKk70MBng6UU4YI/qGDYbgf6YbP4EvmqISbXCoJiRKs+1bSpFHVgQxvJ17F2li5g==
    dependencies:
      pseudomap "^1.0.2"
      yallist "^2.1.2"
  
  map-cache@^0.2.2:
    version "0.2.2"
    resolved "https://registry.yarnpkg.com/map-cache/-/map-cache-0.2.2.tgz#c32abd0bd6525d9b051645bb4f26ac5dc98a0dbf"
    integrity sha1-wyq9C9ZSXZsFFkW7TyasXcmKDb8=
  
  map-obj@^1.0.0:
    version "1.0.1"
    resolved "https://registry.yarnpkg.com/map-obj/-/map-obj-1.0.1.tgz#d933ceb9205d82bdcf4886f6742bdc2b4dea146d"
    integrity sha1-2TPOuSBdgr3PSIb2dCvcK03qFG0=
  
  map-obj@^2.0.0:
    version "2.0.0"
    resolved "https://registry.yarnpkg.com/map-obj/-/map-obj-2.0.0.tgz#a65cd29087a92598b8791257a523e021222ac1f9"
    integrity sha1-plzSkIepJZi4eRJXpSPgISIqwfk=
  
  map-visit@^1.0.0:
    version "1.0.0"
    resolved "https://registry.yarnpkg.com/map-visit/-/map-visit-1.0.0.tgz#ecdca8f13144e660f1b5bd41f12f3479d98dfb8f"
    integrity sha1-7Nyo8TFE5mDxtb1B8S80edmN+48=
    dependencies:
      object-visit "^1.0.0"
  
  meow@^5.0.0:
    version "5.0.0"
    resolved "https://registry.yarnpkg.com/meow/-/meow-5.0.0.tgz#dfc73d63a9afc714a5e371760eb5c88b91078aa4"
    integrity sha512-CbTqYU17ABaLefO8vCU153ZZlprKYWDljcndKKDCFcYQITzWCXZAVk4QMFZPgvzrnUQ3uItnIE/LoUOwrT15Ig==
    dependencies:
      camelcase-keys "^4.0.0"
      decamelize-keys "^1.0.0"
      loud-rejection "^1.0.0"
      minimist-options "^3.0.1"
      normalize-package-data "^2.3.4"
      read-pkg-up "^3.0.0"
      redent "^2.0.0"
      trim-newlines "^2.0.0"
      yargs-parser "^10.0.0"
  
  merge2@^1.2.3, merge2@^1.3.0:
    version "1.4.1"
    resolved "https://registry.yarnpkg.com/merge2/-/merge2-1.4.1.tgz#4368892f885e907455a6fd7dc55c0c9d404990ae"
    integrity sha512-8q7VEgMJW4J8tcfVPy8g09NcQwZdbwFEqhe/WZkoIzjn/3TGDwtOCYtXGxA3O8tPzpczCCDgv+P2P5y00ZJOOg==
  
  micromatch@^3.1.10:
    version "3.1.10"
    resolved "https://registry.yarnpkg.com/micromatch/-/micromatch-3.1.10.tgz#70859bc95c9840952f359a068a3fc49f9ecfac23"
    integrity sha512-MWikgl9n9M3w+bpsY3He8L+w9eF9338xRl8IAO5viDizwSzziFEyUzo2xrrloB64ADbTf8uA8vRqqttDTOmccg==
    dependencies:
      arr-diff "^4.0.0"
      array-unique "^0.3.2"
      braces "^2.3.1"
      define-property "^2.0.2"
      extend-shallow "^3.0.2"
      extglob "^2.0.4"
      fragment-cache "^0.2.1"
      kind-of "^6.0.2"
      nanomatch "^1.2.9"
      object.pick "^1.3.0"
      regex-not "^1.0.0"
      snapdragon "^0.8.1"
      to-regex "^3.0.2"
  
  micromatch@^4.0.2:
    version "4.0.2"
    resolved "https://registry.yarnpkg.com/micromatch/-/micromatch-4.0.2.tgz#4fcb0999bf9fbc2fcbdd212f6d629b9a56c39259"
    integrity sha512-y7FpHSbMUMoyPbYUSzO6PaZ6FyRnQOpHuKwbo1G+Knck95XVU4QAiKdGEnj5wwoS7PlOgthX/09u5iFJ+aYf5Q==
    dependencies:
      braces "^3.0.1"
      picomatch "^2.0.5"
  
  minimatch@^3.0.4:
    version "3.0.4"
    resolved "https://registry.yarnpkg.com/minimatch/-/minimatch-3.0.4.tgz#5166e286457f03306064be5497e8dbb0c3d32083"
    integrity sha512-yJHVQEhyqPLUTgt9B83PXu6W3rx4MvvHvSUvToogpwoGDOUQ+yDrR0HRot+yOCdCO7u4hX3pWft6kWBBcqh0UA==
    dependencies:
      brace-expansion "^1.1.7"
  
  minimist-options@^3.0.1:
    version "3.0.2"
    resolved "https://registry.yarnpkg.com/minimist-options/-/minimist-options-3.0.2.tgz#fba4c8191339e13ecf4d61beb03f070103f3d954"
    integrity sha512-FyBrT/d0d4+uiZRbqznPXqw3IpZZG3gl3wKWiX784FycUKVwBt0uLBFkQrtE4tZOrgo78nZp2jnKz3L65T5LdQ==
    dependencies:
      arrify "^1.0.1"
      is-plain-obj "^1.1.0"
  
  mixin-deep@^1.2.0:
    version "1.3.2"
    resolved "https://registry.yarnpkg.com/mixin-deep/-/mixin-deep-1.3.2.tgz#1120b43dc359a785dce65b55b82e257ccf479566"
    integrity sha512-WRoDn//mXBiJ1H40rqa3vH0toePwSsGb45iInWlTySa+Uu4k3tYUSxa2v1KqAiLtvlrSzaExqS1gtk96A9zvEA==
    dependencies:
      for-in "^1.0.2"
      is-extendable "^1.0.1"
  
  ms@2.0.0:
    version "2.0.0"
    resolved "https://registry.yarnpkg.com/ms/-/ms-2.0.0.tgz#5608aeadfc00be6c2901df5f9861788de0d597c8"
    integrity sha1-VgiurfwAvmwpAd9fmGF4jeDVl8g=
  
  nanomatch@^1.2.9:
    version "1.2.13"
    resolved "https://registry.yarnpkg.com/nanomatch/-/nanomatch-1.2.13.tgz#b87a8aa4fc0de8fe6be88895b38983ff265bd119"
    integrity sha512-fpoe2T0RbHwBTBUOftAfBPaDEi06ufaUai0mE6Yn1kacc3SnTErfb/h+X94VXzI64rKFHYImXSvdwGGCmwOqCA==
    dependencies:
      arr-diff "^4.0.0"
      array-unique "^0.3.2"
      define-property "^2.0.2"
      extend-shallow "^3.0.2"
      fragment-cache "^0.2.1"
      is-windows "^1.0.2"
      kind-of "^6.0.2"
      object.pick "^1.3.0"
      regex-not "^1.0.0"
      snapdragon "^0.8.1"
      to-regex "^3.0.1"
  
  normalize-package-data@^2.3.2, normalize-package-data@^2.3.4:
    version "2.5.0"
    resolved "https://registry.yarnpkg.com/normalize-package-data/-/normalize-package-data-2.5.0.tgz#e66db1838b200c1dfc233225d12cb36520e234a8"
    integrity sha512-/5CMN3T0R4XTj4DcGaexo+roZSdSFW/0AOOTROrjxzCG1wrWXEsGbRKevjlIL+ZDE4sZlJr5ED4YW0yqmkK+eA==
    dependencies:
      hosted-git-info "^2.1.4"
      resolve "^1.10.0"
      semver "2 || 3 || 4 || 5"
      validate-npm-package-license "^3.0.1"
  
  normalize-path@^3.0.0:
    version "3.0.0"
    resolved "https://registry.yarnpkg.com/normalize-path/-/normalize-path-3.0.0.tgz#0dcd69ff23a1c9b11fd0978316644a0388216a65"
    integrity sha512-6eZs5Ls3WtCisHWp9S2GUy8dqkpGi4BVSz3GaqiE6ezub0512ESztXUwUB6C6IKbQkY2Pnb/mD4WYojCRwcwLA==
  
  object-copy@^0.1.0:
    version "0.1.0"
    resolved "https://registry.yarnpkg.com/object-copy/-/object-copy-0.1.0.tgz#7e7d858b781bd7c991a41ba975ed3812754e998c"
    integrity sha1-fn2Fi3gb18mRpBupde04EnVOmYw=
    dependencies:
      copy-descriptor "^0.1.0"
      define-property "^0.2.5"
      kind-of "^3.0.3"
  
  object-visit@^1.0.0:
    version "1.0.1"
    resolved "https://registry.yarnpkg.com/object-visit/-/object-visit-1.0.1.tgz#f79c4493af0c5377b59fe39d395e41042dd045bb"
    integrity sha1-95xEk68MU3e1n+OdOV5BBC3QRbs=
    dependencies:
      isobject "^3.0.0"
  
  object.pick@^1.3.0:
    version "1.3.0"
    resolved "https://registry.yarnpkg.com/object.pick/-/object.pick-1.3.0.tgz#87a10ac4c1694bd2e1cbf53591a66141fb5dd747"
    integrity sha1-h6EKxMFpS9Lhy/U1kaZhQftd10c=
    dependencies:
      isobject "^3.0.1"
  
  once@^1.3.0:
    version "1.4.0"
    resolved "https://registry.yarnpkg.com/once/-/once-1.4.0.tgz#583b1aa775961d4b113ac17d9c50baef9dd76bd1"
    integrity sha1-WDsap3WWHUsROsF9nFC6753Xa9E=
    dependencies:
      wrappy "1"
  
  p-limit@^1.1.0:
    version "1.3.0"
    resolved "https://registry.yarnpkg.com/p-limit/-/p-limit-1.3.0.tgz#b86bd5f0c25690911c7590fcbfc2010d54b3ccb8"
    integrity sha512-vvcXsLAJ9Dr5rQOPk7toZQZJApBl2K4J6dANSsEuh6QI41JYcsS/qhTGa9ErIUUgK3WNQoJYvylxvjqmiqEA9Q==
    dependencies:
      p-try "^1.0.0"
  
  p-limit@^2.2.0, p-limit@^2.2.1:
    version "2.3.0"
    resolved "https://registry.yarnpkg.com/p-limit/-/p-limit-2.3.0.tgz#3dd33c647a214fdfffd835933eb086da0dc21db1"
    integrity sha512-//88mFWSJx8lxCzwdAABTJL2MyWB12+eIY7MDL2SqLmAkeKU9qxRvWuSyTjm3FUmpBEMuFfckAIqEaVGUDxb6w==
    dependencies:
      p-try "^2.0.0"
  
  p-locate@^2.0.0:
    version "2.0.0"
    resolved "https://registry.yarnpkg.com/p-locate/-/p-locate-2.0.0.tgz#20a0103b222a70c8fd39cc2e580680f3dde5ec43"
    integrity sha1-IKAQOyIqcMj9OcwuWAaA893l7EM=
    dependencies:
      p-limit "^1.1.0"
  
  p-locate@^4.1.0:
    version "4.1.0"
    resolved "https://registry.yarnpkg.com/p-locate/-/p-locate-4.1.0.tgz#a3428bb7088b3a60292f66919278b7c297ad4f07"
    integrity sha512-R79ZZ/0wAxKGu3oYMlz8jy/kbhsNrS7SKZ7PxEHBgJ5+F2mtFW2fK2cOtBh1cHYkQsbzFV7I+EoRKe6Yt0oK7A==
    dependencies:
      p-limit "^2.2.0"
  
  p-try@^1.0.0:
    version "1.0.0"
    resolved "https://registry.yarnpkg.com/p-try/-/p-try-1.0.0.tgz#cbc79cdbaf8fd4228e13f621f2b1a237c1b207b3"
    integrity sha1-y8ec26+P1CKOE/Yh8rGiN8GyB7M=
  
  p-try@^2.0.0:
    version "2.2.0"
    resolved "https://registry.yarnpkg.com/p-try/-/p-try-2.2.0.tgz#cb2868540e313d61de58fafbe35ce9004d5540e6"
    integrity sha512-R4nPAVTAU0B9D35/Gk3uJf/7XYbQcyohSKdvAxIRSNghFl4e71hVoGnBNQz9cWaXxO2I10KTC+3jMdvvoKw6dQ==
  
  parse-github-url@^1.0.2:
    version "1.0.2"
    resolved "https://registry.yarnpkg.com/parse-github-url/-/parse-github-url-1.0.2.tgz#242d3b65cbcdda14bb50439e3242acf6971db395"
    integrity sha512-kgBf6avCbO3Cn6+RnzRGLkUsv4ZVqv/VfAYkRsyBcgkshNvVBkRn1FEZcW0Jb+npXQWm2vHPnnOqFteZxRRGNw==
  
  parse-json@^4.0.0:
    version "4.0.0"
    resolved "https://registry.yarnpkg.com/parse-json/-/parse-json-4.0.0.tgz#be35f5425be1f7f6c747184f98a788cb99477ee0"
    integrity sha1-vjX1Qlvh9/bHRxhPmKeIy5lHfuA=
    dependencies:
      error-ex "^1.3.1"
      json-parse-better-errors "^1.0.1"
  
  pascalcase@^0.1.1:
    version "0.1.1"
    resolved "https://registry.yarnpkg.com/pascalcase/-/pascalcase-0.1.1.tgz#b363e55e8006ca6fe21784d2db22bd15d7917f14"
    integrity sha1-s2PlXoAGym/iF4TS2yK9FdeRfxQ=
  
  path-dirname@^1.0.0:
    version "1.0.2"
    resolved "https://registry.yarnpkg.com/path-dirname/-/path-dirname-1.0.2.tgz#cc33d24d525e099a5388c0336c6e32b9160609e0"
    integrity sha1-zDPSTVJeCZpTiMAzbG4yuRYGCeA=
  
  path-exists@^3.0.0:
    version "3.0.0"
    resolved "https://registry.yarnpkg.com/path-exists/-/path-exists-3.0.0.tgz#ce0ebeaa5f78cb18925ea7d810d7b59b010fd515"
    integrity sha1-zg6+ql94yxiSXqfYENe1mwEP1RU=
  
  path-exists@^4.0.0:
    version "4.0.0"
    resolved "https://registry.yarnpkg.com/path-exists/-/path-exists-4.0.0.tgz#513bdbe2d3b95d7762e8c1137efa195c6c61b5b3"
    integrity sha512-ak9Qy5Q7jYb2Wwcey5Fpvg2KoAc/ZIhLSLOSBmRmygPsGwkVVt0fZa0qrtMz+m6tJTAHfZQ8FnmB4MG4LWy7/w==
  
  path-is-absolute@^1.0.0:
    version "1.0.1"
    resolved "https://registry.yarnpkg.com/path-is-absolute/-/path-is-absolute-1.0.1.tgz#174b9268735534ffbc7ace6bf53a5a9e1b5c5f5f"
    integrity sha1-F0uSaHNVNP+8es5r9TpanhtcX18=
  
  path-parse@^1.0.6:
    version "1.0.6"
    resolved "https://registry.yarnpkg.com/path-parse/-/path-parse-1.0.6.tgz#d62dbb5679405d72c4737ec58600e9ddcf06d24c"
    integrity sha512-GSmOT2EbHrINBf9SR7CDELwlJ8AENk3Qn7OikK4nFYAu3Ote2+JYNVvkpAEQm3/TLNEJFD/xZJjzyxg3KBWOzw==
  
  path-type@^3.0.0:
    version "3.0.0"
    resolved "https://registry.yarnpkg.com/path-type/-/path-type-3.0.0.tgz#cef31dc8e0a1a3bb0d105c0cd97cf3bf47f4e36f"
    integrity sha512-T2ZUsdZFHgA3u4e5PfPbjd7HDDpxPnQb5jN0SrDsjNSuVXHJqtwTnWqG0B1jZrgmJ/7lj1EmVIByWt1gxGkWvg==
    dependencies:
      pify "^3.0.0"
  
  path-type@^4.0.0:
    version "4.0.0"
    resolved "https://registry.yarnpkg.com/path-type/-/path-type-4.0.0.tgz#84ed01c0a7ba380afe09d90a8c180dcd9d03043b"
    integrity sha512-gDKb8aZMDeD/tZWs9P6+q0J9Mwkdl6xMV8TjnGP3qJVJ06bdMgkbBlLU8IdfOsIsFz2BW1rNVT3XuNEl8zPAvw==
  
  picomatch@^2.0.5, picomatch@^2.2.1:
    version "2.2.2"
    resolved "https://registry.yarnpkg.com/picomatch/-/picomatch-2.2.2.tgz#21f333e9b6b8eaff02468f5146ea406d345f4dad"
    integrity sha512-q0M/9eZHzmr0AulXyPwNfZjtwZ/RBZlbN3K3CErVrk50T2ASYI7Bye0EvekFY3IP1Nt2DHu0re+V2ZHIpMkuWg==
  
  pify@^3.0.0:
    version "3.0.0"
    resolved "https://registry.yarnpkg.com/pify/-/pify-3.0.0.tgz#e5a4acd2c101fdf3d9a4d07f0dbc4db49dd28176"
    integrity sha1-5aSs0sEB/fPZpNB/DbxNtJ3SgXY=
  
  pify@^4.0.1:
    version "4.0.1"
    resolved "https://registry.yarnpkg.com/pify/-/pify-4.0.1.tgz#4b2cd25c50d598735c50292224fd8c6df41e3231"
    integrity sha512-uB80kBFb/tfd68bVleG9T5GGsGPjJrLAUpR5PZIrhBnIaRTQRjqdJSsIKkOP6OAIFbj7GOrcudc5pNjZ+geV2g==
  
  posix-character-classes@^0.1.0:
    version "0.1.1"
    resolved "https://registry.yarnpkg.com/posix-character-classes/-/posix-character-classes-0.1.1.tgz#01eac0fe3b5af71a2a6c02feabb8c1fef7e00eab"
    integrity sha1-AerA/jta9xoqbAL+q7jB/vfgDqs=
  
  pseudomap@^1.0.2:
    version "1.0.2"
    resolved "https://registry.yarnpkg.com/pseudomap/-/pseudomap-1.0.2.tgz#f052a28da70e618917ef0a8ac34c1ae5a68286b3"
    integrity sha1-8FKijacOYYkX7wqKw0wa5aaChrM=
  
  quick-lru@^1.0.0:
    version "1.1.0"
    resolved "https://registry.yarnpkg.com/quick-lru/-/quick-lru-1.1.0.tgz#4360b17c61136ad38078397ff11416e186dcfbb8"
    integrity sha1-Q2CxfGETatOAeDl/8RQW4Ybc+7g=
  
  read-pkg-up@^3.0.0:
    version "3.0.0"
    resolved "https://registry.yarnpkg.com/read-pkg-up/-/read-pkg-up-3.0.0.tgz#3ed496685dba0f8fe118d0691dc51f4a1ff96f07"
    integrity sha1-PtSWaF26D4/hGNBpHcUfSh/5bwc=
    dependencies:
      find-up "^2.0.0"
      read-pkg "^3.0.0"
  
  read-pkg@^3.0.0:
    version "3.0.0"
    resolved "https://registry.yarnpkg.com/read-pkg/-/read-pkg-3.0.0.tgz#9cbc686978fee65d16c00e2b19c237fcf6e38389"
    integrity sha1-nLxoaXj+5l0WwA4rGcI3/Pbjg4k=
    dependencies:
      load-json-file "^4.0.0"
      normalize-package-data "^2.3.2"
      path-type "^3.0.0"
  
  read-yaml-file@^1.1.0:
    version "1.1.0"
    resolved "https://registry.yarnpkg.com/read-yaml-file/-/read-yaml-file-1.1.0.tgz#9362bbcbdc77007cc8ea4519fe1c0b821a7ce0d8"
    integrity sha512-VIMnQi/Z4HT2Fxuwg5KrY174U1VdUIASQVWXXyqtNRtxSr9IYkn1rsI6Tb6HsrHCmB7gVpNwX6JxPTHcH6IoTA==
    dependencies:
      graceful-fs "^4.1.5"
      js-yaml "^3.6.1"
      pify "^4.0.1"
      strip-bom "^3.0.0"
  
  redent@^2.0.0:
    version "2.0.0"
    resolved "https://registry.yarnpkg.com/redent/-/redent-2.0.0.tgz#c1b2007b42d57eb1389079b3c8333639d5e1ccaa"
    integrity sha1-wbIAe0LVfrE4kHmzyDM2OdXhzKo=
    dependencies:
      indent-string "^3.0.0"
      strip-indent "^2.0.0"
  
  regenerator-runtime@^0.13.4:
    version "0.13.7"
    resolved "https://registry.yarnpkg.com/regenerator-runtime/-/regenerator-runtime-0.13.7.tgz#cac2dacc8a1ea675feaabaeb8ae833898ae46f55"
    integrity sha512-a54FxoJDIr27pgf7IgeQGxmqUNYrcV338lf/6gH456HZ/PhX+5BcwHXG9ajESmwe6WRO0tAzRUrRmNONWgkrew==
  
  regex-not@^1.0.0, regex-not@^1.0.2:
    version "1.0.2"
    resolved "https://registry.yarnpkg.com/regex-not/-/regex-not-1.0.2.tgz#1f4ece27e00b0b65e0247a6810e6a85d83a5752c"
    integrity sha512-J6SDjUgDxQj5NusnOtdFxDwN/+HWykR8GELwctJ7mdqhcyy1xEc4SRFHUXvxTp661YaVKAjfRLZ9cCqS6tn32A==
    dependencies:
      extend-shallow "^3.0.2"
      safe-regex "^1.1.0"
  
  repeat-element@^1.1.2:
    version "1.1.3"
    resolved "https://registry.yarnpkg.com/repeat-element/-/repeat-element-1.1.3.tgz#782e0d825c0c5a3bb39731f84efee6b742e6b1ce"
    integrity sha512-ahGq0ZnV5m5XtZLMb+vP76kcAM5nkLqk0lpqAuojSKGgQtn4eRi4ZZGm2olo2zKFH+sMsWaqOCW1dqAnOru72g==
  
  repeat-string@^1.6.1:
    version "1.6.1"
    resolved "https://registry.yarnpkg.com/repeat-string/-/repeat-string-1.6.1.tgz#8dcae470e1c88abc2d600fff4a776286da75e637"
    integrity sha1-jcrkcOHIirwtYA//Sndihtp15jc=
  
  resolve-url@^0.2.1:
    version "0.2.1"
    resolved "https://registry.yarnpkg.com/resolve-url/-/resolve-url-0.2.1.tgz#2c637fe77c893afd2a663fe21aa9080068e2052a"
    integrity sha1-LGN/53yJOv0qZj/iGqkIAGjiBSo=
  
  resolve@^1.10.0:
    version "1.17.0"
    resolved "https://registry.yarnpkg.com/resolve/-/resolve-1.17.0.tgz#b25941b54968231cc2d1bb76a79cb7f2c0bf8444"
    integrity sha512-ic+7JYiV8Vi2yzQGFWOkiZD5Z9z7O2Zhm9XMaTxdJExKasieFCr+yXZ/WmXsckHiKl12ar0y6XiXDx3m4RHn1w==
    dependencies:
      path-parse "^1.0.6"
  
  ret@~0.1.10:
    version "0.1.15"
    resolved "https://registry.yarnpkg.com/ret/-/ret-0.1.15.tgz#b8a4825d5bdb1fc3f6f53c2bc33f81388681c7bc"
    integrity sha512-TTlYpa+OL+vMMNG24xSlQGEJ3B/RzEfUlLct7b5G/ytav+wPrplCpVMFuwzXbkecJrb6IYo1iFb0S9v37754mg==
  
  reusify@^1.0.4:
    version "1.0.4"
    resolved "https://registry.yarnpkg.com/reusify/-/reusify-1.0.4.tgz#90da382b1e126efc02146e90845a88db12925d76"
    integrity sha512-U9nH88a3fc/ekCF1l0/UP1IosiuIjyTh7hBvXVMHYgVcfGvt897Xguj2UOLDeI5BG2m7/uwyaLVT6fbtCwTyzw==
  
  run-parallel@^1.1.9:
    version "1.1.9"
    resolved "https://registry.yarnpkg.com/run-parallel/-/run-parallel-1.1.9.tgz#c9dd3a7cf9f4b2c4b6244e173a6ed866e61dd679"
    integrity sha512-DEqnSRTDw/Tc3FXf49zedI638Z9onwUotBMiUFKmrO2sdFKIbXamXGQ3Axd4qgphxKB4kw/qP1w5kTxnfU1B9Q==
  
  safe-regex@^1.1.0:
    version "1.1.0"
    resolved "https://registry.yarnpkg.com/safe-regex/-/safe-regex-1.1.0.tgz#40a3669f3b077d1e943d44629e157dd48023bf2e"
    integrity sha1-QKNmnzsHfR6UPURinhV91IAjvy4=
    dependencies:
      ret "~0.1.10"
  
  sembear@^0.5.0:
    version "0.5.2"
    resolved "https://registry.yarnpkg.com/sembear/-/sembear-0.5.2.tgz#679da95f1cf1a39b7fcd54a1ae89cd5badedb7b3"
    integrity sha512-Ij1vCAdFgWABd7zTg50Xw1/p0JgESNxuLlneEAsmBrKishA06ulTTL/SHGmNy2Zud7+rKrHTKNI6moJsn1ppAQ==
    dependencies:
      "@types/semver" "^6.0.1"
      semver "^6.3.0"
  
  "semver@2 || 3 || 4 || 5":
    version "5.7.1"
    resolved "https://registry.yarnpkg.com/semver/-/semver-5.7.1.tgz#a954f931aeba508d307bbf069eff0c01c96116f7"
    integrity sha512-sauaDf/PZdVgrLTNYHRtpXa1iRiKcaebiKQ1BJdpQlWH2lCvexQdX55snPFyK7QzpudqbCI0qXFfOasHdyNDGQ==
  
  semver@^6.3.0:
    version "6.3.0"
    resolved "https://registry.yarnpkg.com/semver/-/semver-6.3.0.tgz#ee0a64c8af5e8ceea67687b133761e1becbd1d3d"
    integrity sha512-b39TBaTSfV6yBrapU89p5fKekE2m/NwnDocOVruQFS1/veMgdzuPcnOM34M6CwxW8jH/lxEa5rBoDeUwu5HHTw==
  
  set-value@^2.0.0, set-value@^2.0.1:
    version "2.0.1"
    resolved "https://registry.yarnpkg.com/set-value/-/set-value-2.0.1.tgz#a18d40530e6f07de4228c7defe4227af8cad005b"
    integrity sha512-JxHc1weCN68wRY0fhCoXpyK55m/XPHafOmK4UWD7m2CI14GMcFypt4w/0+NV5f/ZMby2F6S2wwA7fgynh9gWSw==
    dependencies:
      extend-shallow "^2.0.1"
      is-extendable "^0.1.1"
      is-plain-object "^2.0.3"
      split-string "^3.0.1"
  
  shebang-command@^1.2.0:
    version "1.2.0"
    resolved "https://registry.yarnpkg.com/shebang-command/-/shebang-command-1.2.0.tgz#44aac65b695b03398968c39f363fee5deafdf1ea"
    integrity sha1-RKrGW2lbAzmJaMOfNj/uXer98eo=
    dependencies:
      shebang-regex "^1.0.0"
  
  shebang-regex@^1.0.0:
    version "1.0.0"
    resolved "https://registry.yarnpkg.com/shebang-regex/-/shebang-regex-1.0.0.tgz#da42f49740c0b42db2ca9728571cb190c98efea3"
    integrity sha1-2kL0l0DAtC2yypcoVxyxkMmO/qM=
  
  signal-exit@^3.0.0, signal-exit@^3.0.2:
    version "3.0.3"
    resolved "https://registry.yarnpkg.com/signal-exit/-/signal-exit-3.0.3.tgz#a1410c2edd8f077b08b4e253c8eacfcaf057461c"
    integrity sha512-VUJ49FC8U1OxwZLxIbTTrDvLnf/6TDgxZcK8wxR8zs13xpx7xbG60ndBlhNrFi2EMuFRoeDoJO7wthSLq42EjA==
  
  slash@^2.0.0:
    version "2.0.0"
    resolved "https://registry.yarnpkg.com/slash/-/slash-2.0.0.tgz#de552851a1759df3a8f206535442f5ec4ddeab44"
    integrity sha512-ZYKh3Wh2z1PpEXWr0MpSBZ0V6mZHAQfYevttO11c51CaWjGTaadiKZ+wVt1PbMlDV5qhMFslpZCemhwOK7C89A==
  
  slash@^3.0.0:
    version "3.0.0"
    resolved "https://registry.yarnpkg.com/slash/-/slash-3.0.0.tgz#6539be870c165adbd5240220dbe361f1bc4d4634"
    integrity sha512-g9Q1haeby36OSStwb4ntCGGGaKsaVSjQ68fBxoQcutl5fS1vuY18H3wSt3jFyFtrkx+Kz0V1G85A4MyAdDMi2Q==
  
  snapdragon-node@^2.0.1:
    version "2.1.1"
    resolved "https://registry.yarnpkg.com/snapdragon-node/-/snapdragon-node-2.1.1.tgz#6c175f86ff14bdb0724563e8f3c1b021a286853b"
    integrity sha512-O27l4xaMYt/RSQ5TR3vpWCAB5Kb/czIcqUFOM/C4fYcLnbZUc1PkjTAMjof2pBWaSTwOUd6qUHcFGVGj7aIwnw==
    dependencies:
      define-property "^1.0.0"
      isobject "^3.0.0"
      snapdragon-util "^3.0.1"
  
  snapdragon-util@^3.0.1:
    version "3.0.1"
    resolved "https://registry.yarnpkg.com/snapdragon-util/-/snapdragon-util-3.0.1.tgz#f956479486f2acd79700693f6f7b805e45ab56e2"
    integrity sha512-mbKkMdQKsjX4BAL4bRYTj21edOf8cN7XHdYUJEe+Zn99hVEYcMvKPct1IqNe7+AZPirn8BCDOQBHQZknqmKlZQ==
    dependencies:
      kind-of "^3.2.0"
  
  snapdragon@^0.8.1:
    version "0.8.2"
    resolved "https://registry.yarnpkg.com/snapdragon/-/snapdragon-0.8.2.tgz#64922e7c565b0e14204ba1aa7d6964278d25182d"
    integrity sha512-FtyOnWN/wCHTVXOMwvSv26d+ko5vWlIDD6zoUJ7LW8vh+ZBC8QdljveRP+crNrtBwioEUWy/4dMtbBjA4ioNlg==
    dependencies:
      base "^0.11.1"
      debug "^2.2.0"
      define-property "^0.2.5"
      extend-shallow "^2.0.1"
      map-cache "^0.2.2"
      source-map "^0.5.6"
      source-map-resolve "^0.5.0"
      use "^3.1.0"
  
  source-map-resolve@^0.5.0:
    version "0.5.3"
    resolved "https://registry.yarnpkg.com/source-map-resolve/-/source-map-resolve-0.5.3.tgz#190866bece7553e1f8f267a2ee82c606b5509a1a"
    integrity sha512-Htz+RnsXWk5+P2slx5Jh3Q66vhQj1Cllm0zvnaY98+NFx+Dv2CF/f5O/t8x+KaNdrdIAsruNzoh/KpialbqAnw==
    dependencies:
      atob "^2.1.2"
      decode-uri-component "^0.2.0"
      resolve-url "^0.2.1"
      source-map-url "^0.4.0"
      urix "^0.1.0"
  
  source-map-url@^0.4.0:
    version "0.4.0"
    resolved "https://registry.yarnpkg.com/source-map-url/-/source-map-url-0.4.0.tgz#3e935d7ddd73631b97659956d55128e87b5084a3"
    integrity sha1-PpNdfd1zYxuXZZlW1VEo6HtQhKM=
  
  source-map@^0.5.6:
    version "0.5.7"
    resolved "https://registry.yarnpkg.com/source-map/-/source-map-0.5.7.tgz#8a039d2d1021d22d1ea14c80d8ea468ba2ef3fcc"
    integrity sha1-igOdLRAh0i0eoUyA2OpGi6LvP8w=
  
  spawndamnit@^2.0.0:
    version "2.0.0"
    resolved "https://registry.yarnpkg.com/spawndamnit/-/spawndamnit-2.0.0.tgz#9f762ac5c3476abb994b42ad592b5ad22bb4b0ad"
    integrity sha512-j4JKEcncSjFlqIwU5L/rp2N5SIPsdxaRsIv678+TZxZ0SRDJTm8JrxJMjE/XuiEZNEir3S8l0Fa3Ke339WI4qA==
    dependencies:
      cross-spawn "^5.1.0"
      signal-exit "^3.0.2"
  
  spdx-correct@^3.0.0:
    version "3.1.1"
    resolved "https://registry.yarnpkg.com/spdx-correct/-/spdx-correct-3.1.1.tgz#dece81ac9c1e6713e5f7d1b6f17d468fa53d89a9"
    integrity sha512-cOYcUWwhCuHCXi49RhFRCyJEK3iPj1Ziz9DpViV3tbZOwXD49QzIN3MpOLJNxh2qwq2lJJZaKMVw9qNi4jTC0w==
    dependencies:
      spdx-expression-parse "^3.0.0"
      spdx-license-ids "^3.0.0"
  
  spdx-exceptions@^2.1.0:
    version "2.3.0"
    resolved "https://registry.yarnpkg.com/spdx-exceptions/-/spdx-exceptions-2.3.0.tgz#3f28ce1a77a00372683eade4a433183527a2163d"
    integrity sha512-/tTrYOC7PPI1nUAgx34hUpqXuyJG+DTHJTnIULG4rDygi4xu/tfgmq1e1cIRwRzwZgo4NLySi+ricLkZkw4i5A==
  
  spdx-expression-parse@^3.0.0:
    version "3.0.1"
    resolved "https://registry.yarnpkg.com/spdx-expression-parse/-/spdx-expression-parse-3.0.1.tgz#cf70f50482eefdc98e3ce0a6833e4a53ceeba679"
    integrity sha512-cbqHunsQWnJNE6KhVSMsMeH5H/L9EpymbzqTQ3uLwNCLZ1Q481oWaofqH7nO6V07xlXwY6PhQdQ2IedWx/ZK4Q==
    dependencies:
      spdx-exceptions "^2.1.0"
      spdx-license-ids "^3.0.0"
  
  spdx-license-ids@^3.0.0:
    version "3.0.6"
    resolved "https://registry.yarnpkg.com/spdx-license-ids/-/spdx-license-ids-3.0.6.tgz#c80757383c28abf7296744998cbc106ae8b854ce"
    integrity sha512-+orQK83kyMva3WyPf59k1+Y525csj5JejicWut55zeTWANuN17qSiSLUXWtzHeNWORSvT7GLDJ/E/XiIWoXBTw==
  
  split-string@^3.0.1, split-string@^3.0.2:
    version "3.1.0"
    resolved "https://registry.yarnpkg.com/split-string/-/split-string-3.1.0.tgz#7cb09dda3a86585705c64b39a6466038682e8fe2"
    integrity sha512-NzNVhJDYpwceVVii8/Hu6DKfD2G+NrQHlS/V/qgv763EYudVwEcMQNxd2lh+0VrUByXN/oJkl5grOhYWvQUYiw==
    dependencies:
      extend-shallow "^3.0.0"
  
  sprintf-js@~1.0.2:
    version "1.0.3"
    resolved "https://registry.yarnpkg.com/sprintf-js/-/sprintf-js-1.0.3.tgz#04e6926f662895354f3dd015203633b857297e2c"
    integrity sha1-BOaSb2YolTVPPdAVIDYzuFcpfiw=
  
  static-extend@^0.1.1:
    version "0.1.2"
    resolved "https://registry.yarnpkg.com/static-extend/-/static-extend-0.1.2.tgz#60809c39cbff55337226fd5e0b520f341f1fb5c6"
    integrity sha1-YICcOcv/VTNyJv1eC1IPNB8ftcY=
    dependencies:
      define-property "^0.2.5"
      object-copy "^0.1.0"
  
  strip-bom@^3.0.0:
    version "3.0.0"
    resolved "https://registry.yarnpkg.com/strip-bom/-/strip-bom-3.0.0.tgz#2334c18e9c759f7bdd56fdef7e9ae3d588e68ed3"
    integrity sha1-IzTBjpx1n3vdVv3vfprj1YjmjtM=
  
  strip-indent@^2.0.0:
    version "2.0.0"
    resolved "https://registry.yarnpkg.com/strip-indent/-/strip-indent-2.0.0.tgz#5ef8db295d01e6ed6cbf7aab96998d7822527b68"
    integrity sha1-XvjbKV0B5u1sv3qrlpmNeCJSe2g=
  
  supports-color@^5.3.0:
    version "5.5.0"
    resolved "https://registry.yarnpkg.com/supports-color/-/supports-color-5.5.0.tgz#e2e69a44ac8772f78a1ec0b35b689df6530efc8f"
    integrity sha512-QjVjwdXIt408MIiAqCX4oUKsgU2EqAGzs2Ppkm4aQYbjm+ZEWEcW4SfFNTr4uMNZma0ey4f5lgLrkB0aX0QMow==
    dependencies:
      has-flag "^3.0.0"
  
  to-object-path@^0.3.0:
    version "0.3.0"
    resolved "https://registry.yarnpkg.com/to-object-path/-/to-object-path-0.3.0.tgz#297588b7b0e7e0ac08e04e672f85c1f4999e17af"
    integrity sha1-KXWIt7Dn4KwI4E5nL4XB9JmeF68=
    dependencies:
      kind-of "^3.0.2"
  
  to-regex-range@^2.1.0:
    version "2.1.1"
    resolved "https://registry.yarnpkg.com/to-regex-range/-/to-regex-range-2.1.1.tgz#7c80c17b9dfebe599e27367e0d4dd5590141db38"
    integrity sha1-fIDBe53+vlmeJzZ+DU3VWQFB2zg=
    dependencies:
      is-number "^3.0.0"
      repeat-string "^1.6.1"
  
  to-regex-range@^5.0.1:
    version "5.0.1"
    resolved "https://registry.yarnpkg.com/to-regex-range/-/to-regex-range-5.0.1.tgz#1648c44aae7c8d988a326018ed72f5b4dd0392e4"
    integrity sha512-65P7iz6X5yEr1cwcgvQxbbIw7Uk3gOy5dIdtZ4rDveLqhrdJP+Li/Hx6tyK0NEb+2GCyneCMJiGqrADCSNk8sQ==
    dependencies:
      is-number "^7.0.0"
  
  to-regex@^3.0.1, to-regex@^3.0.2:
    version "3.0.2"
    resolved "https://registry.yarnpkg.com/to-regex/-/to-regex-3.0.2.tgz#13cfdd9b336552f30b51f33a8ae1b42a7a7599ce"
    integrity sha512-FWtleNAtZ/Ki2qtqej2CXTOayOH9bHDQF+Q48VpWyDXjbYxA4Yz8iDB31zXOBUlOHHKidDbqGVrTUvQMPmBGBw==
    dependencies:
      define-property "^2.0.2"
      extend-shallow "^3.0.2"
      regex-not "^1.0.2"
      safe-regex "^1.1.0"
  
  trim-newlines@^2.0.0:
    version "2.0.0"
    resolved "https://registry.yarnpkg.com/trim-newlines/-/trim-newlines-2.0.0.tgz#b403d0b91be50c331dfc4b82eeceb22c3de16d20"
    integrity sha1-tAPQuRvlDDMd/EuC7s6yLD3hbSA=
  
  typescript@^4.1.0-dev.20201014:
    version "4.1.0-dev.20201014"
    resolved "https://registry.yarnpkg.com/typescript/-/typescript-4.1.0-dev.20201014.tgz#5d6bd8cf2eccd94c1b4e8248dbe0b7bfe6feb88c"
    integrity sha512-bhKqBI1UwqB+aP6Y3M6yFEgommPn8+BofXQGTcfmlC+RdTfCY1SQVjwl8bIlqbGcMLmap2ncmD3JWCyHEoiSOg==
  
  union-value@^1.0.0:
    version "1.0.1"
    resolved "https://registry.yarnpkg.com/union-value/-/union-value-1.0.1.tgz#0b6fe7b835aecda61c6ea4d4f02c14221e109847"
    integrity sha512-tJfXmxMeWYnczCVs7XAEvIV7ieppALdyepWMkHkwciRpZraG/xwT+s2JN8+pr1+8jCRf80FFzvr+MpQeeoF4Xg==
    dependencies:
      arr-union "^3.1.0"
      get-value "^2.0.6"
      is-extendable "^0.1.1"
      set-value "^2.0.1"
  
  universalify@^0.1.0:
    version "0.1.2"
    resolved "https://registry.yarnpkg.com/universalify/-/universalify-0.1.2.tgz#b646f69be3942dabcecc9d6639c80dc105efaa66"
    integrity sha512-rBJeI5CXAlmy1pV+617WB9J63U6XcazHHF2f2dbJix4XzpUF0RS3Zbj0FGIOCAva5P/d/GBOYaACQ1w+0azUkg==
  
  unset-value@^1.0.0:
    version "1.0.0"
    resolved "https://registry.yarnpkg.com/unset-value/-/unset-value-1.0.0.tgz#8376873f7d2335179ffb1e6fc3a8ed0dfc8ab559"
    integrity sha1-g3aHP30jNRef+x5vw6jtDfyKtVk=
    dependencies:
      has-value "^0.3.1"
      isobject "^3.0.0"
  
  urix@^0.1.0:
    version "0.1.0"
    resolved "https://registry.yarnpkg.com/urix/-/urix-0.1.0.tgz#da937f7a62e21fec1fd18d49b35c2935067a6c72"
    integrity sha1-2pN/emLiH+wf0Y1Js1wpNQZ6bHI=
  
  use@^3.1.0:
    version "3.1.1"
    resolved "https://registry.yarnpkg.com/use/-/use-3.1.1.tgz#d50c8cac79a19fbc20f2911f56eb973f4e10070f"
    integrity sha512-cwESVXlO3url9YWlFW/TA9cshCEhtu7IKJ/p5soJ/gGpj7vbvFrAY/eIioQ6Dw23KjZhYgiIo8HOs1nQ2vr/oQ==
  
  validate-npm-package-license@^3.0.1:
    version "3.0.4"
    resolved "https://registry.yarnpkg.com/validate-npm-package-license/-/validate-npm-package-license-3.0.4.tgz#fc91f6b9c7ba15c857f4cb2c5defeec39d4f410a"
    integrity sha512-DpKm2Ui/xN7/HQKCtpZxoRWBhZ9Z0kqtygG8XCgNQ8ZlDnxuQmWhj566j8fN4Cu3/JmbhsDo7fcAJq4s9h27Ew==
    dependencies:
      spdx-correct "^3.0.0"
      spdx-expression-parse "^3.0.0"
  
  validate-npm-package-name@^3.0.0:
    version "3.0.0"
    resolved "https://registry.yarnpkg.com/validate-npm-package-name/-/validate-npm-package-name-3.0.0.tgz#5fa912d81eb7d0c74afc140de7317f0ca7df437e"
    integrity sha1-X6kS2B630MdK/BQN5zF/DKffQ34=
    dependencies:
      builtins "^1.0.3"
  
  which@^1.2.9:
    version "1.3.1"
    resolved "https://registry.yarnpkg.com/which/-/which-1.3.1.tgz#a45043d54f5805316da8d62f9f50918d3da70b0a"
    integrity sha512-HxJdYWq1MTIQbJ3nw0cqssHoTNU267KlrDuGZ1WYlxDStUtKUhOaJmh112/TZmHxxUfuJqPXSOm7tDyas0OSIQ==
    dependencies:
      isexe "^2.0.0"
  
  wrappy@1:
    version "1.0.2"
    resolved "https://registry.yarnpkg.com/wrappy/-/wrappy-1.0.2.tgz#b5243d8f3ec1aa35f1364605bc0d1036e30ab69f"
    integrity sha1-tSQ9jz7BqjXxNkYFvA0QNuMKtp8=
  
  yallist@^2.1.2:
    version "2.1.2"
    resolved "https://registry.yarnpkg.com/yallist/-/yallist-2.1.2.tgz#1c11f9218f076089a47dd512f93c6699a6a81d52"
    integrity sha1-HBH5IY8HYImkfdUS+TxmmaaoHVI=
  
  yargs-parser@^10.0.0:
    version "10.1.0"
    resolved "https://registry.yarnpkg.com/yargs-parser/-/yargs-parser-10.1.0.tgz#7202265b89f7e9e9f2e5765e0fe735a905edbaa8"
    integrity sha512-VCIyR1wJoEBZUqk5PA+oOBF6ypbwh5aNB3I50guxAL/quggdfs4TtNHQrSazFA3fYZ+tEqfs0zIGlv0c/rgjbQ==
    dependencies:
      camelcase "^4.1.0"
